This is pdfTeX, Version 3.14159265-2.6-1.40.21 (TeX Live 2020) (preloaded format=pdflatex 2020.9.19)  31 AUG 2022 21:18
entering extended mode
 restricted \write18 enabled.
 %&-line parsing enabled.
**presentation.tex
(./presentation.tex
LaTeX2e <2020-02-02> patch level 5
L3 programming layer <2020-09-06>
(/mnt/bigp/texlive/texcopy/texlive/2020/texmf-dist/tex/latex/beamer/beamer.cls
Document Class: beamer 2020/07/22 v3.59 A class for typesetting presentations

(/mnt/bigp/texlive/texcopy/texlive/2020/texmf-dist/tex/latex/beamer/beamerbasem
odes.sty
(/mnt/bigp/texlive/texcopy/texlive/2020/texmf-dist/tex/latex/etoolbox/etoolbox.
sty
Package: etoolbox 2020/08/24 v2.5j e-TeX tools for LaTeX (JAW)
\etb@tempcnta=\count168
)
\beamer@tempbox=\box45
\beamer@tempcount=\count169
\c@beamerpauses=\count170

(/mnt/bigp/texlive/texcopy/texlive/2020/texmf-dist/tex/latex/beamer/beamerbased
ecode.sty
\beamer@slideinframe=\count171
\beamer@minimum=\count172
\beamer@decode@box=\box46
)
\beamer@commentbox=\box47
\beamer@modecount=\count173
)
(/mnt/bigp/texlive/texcopy/texlive/2020/texmf-dist/tex/generic/iftex/ifpdf.sty
Package: ifpdf 2019/10/25 v3.4 ifpdf legacy package. Use iftex instead.

(/mnt/bigp/texlive/texcopy/texlive/2020/texmf-dist/tex/generic/iftex/iftex.sty
Package: iftex 2020/03/06 v1.0d TeX engine tests
))
\headdp=\dimen134
\footheight=\dimen135
\sidebarheight=\dimen136
\beamer@tempdim=\dimen137
\beamer@finalheight=\dimen138
\beamer@animht=\dimen139
\beamer@animdp=\dimen140
\beamer@animwd=\dimen141
\beamer@leftmargin=\dimen142
\beamer@rightmargin=\dimen143
\beamer@leftsidebar=\dimen144
\beamer@rightsidebar=\dimen145
\beamer@boxsize=\dimen146
\beamer@vboxoffset=\dimen147
\beamer@descdefault=\dimen148
\beamer@descriptionwidth=\dimen149
\beamer@lastskip=\skip47
\beamer@areabox=\box48
\beamer@animcurrent=\box49
\beamer@animshowbox=\box50
\beamer@sectionbox=\box51
\beamer@logobox=\box52
\beamer@linebox=\box53
\beamer@sectioncount=\count174
\beamer@subsubsectionmax=\count175
\beamer@subsectionmax=\count176
\beamer@sectionmax=\count177
\beamer@totalheads=\count178
\beamer@headcounter=\count179
\beamer@partstartpage=\count180
\beamer@sectionstartpage=\count181
\beamer@subsectionstartpage=\count182
\beamer@animationtempa=\count183
\beamer@animationtempb=\count184
\beamer@xpos=\count185
\beamer@ypos=\count186
\beamer@ypos@offset=\count187
\beamer@showpartnumber=\count188
\beamer@currentsubsection=\count189
\beamer@coveringdepth=\count190
\beamer@sectionadjust=\count191
\beamer@tocsectionnumber=\count192

(/mnt/bigp/texlive/texcopy/texlive/2020/texmf-dist/tex/latex/beamer/beamerbaseo
ptions.sty
(/mnt/bigp/texlive/texcopy/texlive/2020/texmf-dist/tex/latex/graphics/keyval.st
y
Package: keyval 2014/10/28 v1.15 key=value parser (DPC)
\KV@toks@=\toks15
))
\beamer@paperwidth=\skip48
\beamer@paperheight=\skip49

(/mnt/bigp/texlive/texcopy/texlive/2020/texmf-dist/tex/latex/geometry/geometry.
sty
Package: geometry 2020/01/02 v5.9 Page Geometry

(/mnt/bigp/texlive/texcopy/texlive/2020/texmf-dist/tex/generic/iftex/ifvtex.sty
Package: ifvtex 2019/10/25 v1.7 ifvtex legacy package. Use iftex instead.
)
\Gm@cnth=\count193
\Gm@cntv=\count194
\c@Gm@tempcnt=\count195
\Gm@bindingoffset=\dimen150
\Gm@wd@mp=\dimen151
\Gm@odd@mp=\dimen152
\Gm@even@mp=\dimen153
\Gm@layoutwidth=\dimen154
\Gm@layoutheight=\dimen155
\Gm@layouthoffset=\dimen156
\Gm@layoutvoffset=\dimen157
\Gm@dimlist=\toks16
) (/mnt/bigp/texlive/texcopy/texlive/2020/texmf-dist/tex/latex/base/size11.clo
File: size11.clo 2019/12/20 v1.4l Standard LaTeX file (size option)
)
(/mnt/bigp/texlive/texcopy/texlive/2020/texmf-dist/tex/latex/pgf/basiclayer/pgf
core.sty
(/mnt/bigp/texlive/texcopy/texlive/2020/texmf-dist/tex/latex/graphics/graphicx.
sty
Package: graphicx 2019/11/30 v1.2a Enhanced LaTeX Graphics (DPC,SPQR)

(/mnt/bigp/texlive/texcopy/texlive/2020/texmf-dist/tex/latex/graphics/graphics.
sty
Package: graphics 2019/11/30 v1.4a Standard LaTeX Graphics (DPC,SPQR)

(/mnt/bigp/texlive/texcopy/texlive/2020/texmf-dist/tex/latex/graphics/trig.sty
Package: trig 2016/01/03 v1.10 sin cos tan (DPC)
)
(/mnt/bigp/texlive/texcopy/texlive/2020/texmf-dist/tex/latex/graphics-cfg/graph
ics.cfg
File: graphics.cfg 2016/06/04 v1.11 sample graphics configuration
)
Package graphics Info: Driver file: pdftex.def on input line 105.

(/mnt/bigp/texlive/texcopy/texlive/2020/texmf-dist/tex/latex/graphics-def/pdfte
x.def
File: pdftex.def 2020/08/26 v1.2 Graphics/color driver for pdftex
))
\Gin@req@height=\dimen158
\Gin@req@width=\dimen159
)
(/mnt/bigp/texlive/texcopy/texlive/2020/texmf-dist/tex/latex/pgf/systemlayer/pg
fsys.sty
(/mnt/bigp/texlive/texcopy/texlive/2020/texmf-dist/tex/latex/pgf/utilities/pgfr
cs.sty
(/mnt/bigp/texlive/texcopy/texlive/2020/texmf-dist/tex/generic/pgf/utilities/pg
futil-common.tex
\pgfutil@everybye=\toks17
\pgfutil@tempdima=\dimen160
\pgfutil@tempdimb=\dimen161

(/mnt/bigp/texlive/texcopy/texlive/2020/texmf-dist/tex/generic/pgf/utilities/pg
futil-common-lists.tex))
(/mnt/bigp/texlive/texcopy/texlive/2020/texmf-dist/tex/generic/pgf/utilities/pg
futil-latex.def
\pgfutil@abb=\box54

(/mnt/bigp/texlive/texcopy/texlive/2020/texmf-dist/tex/latex/ms/everyshi.sty
Package: everyshi 2001/05/15 v3.00 EveryShipout Package (MS)
))
(/mnt/bigp/texlive/texcopy/texlive/2020/texmf-dist/tex/generic/pgf/utilities/pg
frcs.code.tex
(/mnt/bigp/texlive/texcopy/texlive/2020/texmf-dist/tex/generic/pgf/pgf.revision
.tex)
Package: pgfrcs 2020/01/08 v3.1.5b (3.1.5b)
))
(/mnt/bigp/texlive/texcopy/texlive/2020/texmf-dist/tex/generic/pgf/systemlayer/
pgfsys.code.tex
Package: pgfsys 2020/01/08 v3.1.5b (3.1.5b)

(/mnt/bigp/texlive/texcopy/texlive/2020/texmf-dist/tex/generic/pgf/utilities/pg
fkeys.code.tex
\pgfkeys@pathtoks=\toks18
\pgfkeys@temptoks=\toks19

(/mnt/bigp/texlive/texcopy/texlive/2020/texmf-dist/tex/generic/pgf/utilities/pg
fkeysfiltered.code.tex
\pgfkeys@tmptoks=\toks20
))
\pgf@x=\dimen162
\pgf@y=\dimen163
\pgf@xa=\dimen164
\pgf@ya=\dimen165
\pgf@xb=\dimen166
\pgf@yb=\dimen167
\pgf@xc=\dimen168
\pgf@yc=\dimen169
\pgf@xd=\dimen170
\pgf@yd=\dimen171
\w@pgf@writea=\write3
\r@pgf@reada=\read2
\c@pgf@counta=\count196
\c@pgf@countb=\count197
\c@pgf@countc=\count198
\c@pgf@countd=\count199
\t@pgf@toka=\toks21
\t@pgf@tokb=\toks22
\t@pgf@tokc=\toks23
\pgf@sys@id@count=\count266

(/mnt/bigp/texlive/texcopy/texlive/2020/texmf-dist/tex/generic/pgf/systemlayer/
pgf.cfg
File: pgf.cfg 2020/01/08 v3.1.5b (3.1.5b)
)
Driver file for pgf: pgfsys-pdftex.def

(/mnt/bigp/texlive/texcopy/texlive/2020/texmf-dist/tex/generic/pgf/systemlayer/
pgfsys-pdftex.def
File: pgfsys-pdftex.def 2020/01/08 v3.1.5b (3.1.5b)

(/mnt/bigp/texlive/texcopy/texlive/2020/texmf-dist/tex/generic/pgf/systemlayer/
pgfsys-common-pdf.def
File: pgfsys-common-pdf.def 2020/01/08 v3.1.5b (3.1.5b)
)))
(/mnt/bigp/texlive/texcopy/texlive/2020/texmf-dist/tex/generic/pgf/systemlayer/
pgfsyssoftpath.code.tex
File: pgfsyssoftpath.code.tex 2020/01/08 v3.1.5b (3.1.5b)
\pgfsyssoftpath@smallbuffer@items=\count267
\pgfsyssoftpath@bigbuffer@items=\count268
)
(/mnt/bigp/texlive/texcopy/texlive/2020/texmf-dist/tex/generic/pgf/systemlayer/
pgfsysprotocol.code.tex
File: pgfsysprotocol.code.tex 2020/01/08 v3.1.5b (3.1.5b)
))
(/mnt/bigp/texlive/texcopy/texlive/2020/texmf-dist/tex/latex/xcolor/xcolor.sty
Package: xcolor 2016/05/11 v2.12 LaTeX color extensions (UK)

(/mnt/bigp/texlive/texcopy/texlive/2020/texmf-dist/tex/latex/graphics-cfg/color
.cfg
File: color.cfg 2016/01/02 v1.6 sample color configuration
)
Package xcolor Info: Driver file: pdftex.def on input line 225.
Package xcolor Info: Model `cmy' substituted by `cmy0' on input line 1348.
Package xcolor Info: Model `hsb' substituted by `rgb' on input line 1352.
Package xcolor Info: Model `RGB' extended on input line 1364.
Package xcolor Info: Model `HTML' substituted by `rgb' on input line 1366.
Package xcolor Info: Model `Hsb' substituted by `hsb' on input line 1367.
Package xcolor Info: Model `tHsb' substituted by `hsb' on input line 1368.
Package xcolor Info: Model `HSB' substituted by `hsb' on input line 1369.
Package xcolor Info: Model `Gray' substituted by `gray' on input line 1370.
Package xcolor Info: Model `wave' substituted by `hsb' on input line 1371.
)
(/mnt/bigp/texlive/texcopy/texlive/2020/texmf-dist/tex/generic/pgf/basiclayer/p
gfcore.code.tex
Package: pgfcore 2020/01/08 v3.1.5b (3.1.5b)

(/mnt/bigp/texlive/texcopy/texlive/2020/texmf-dist/tex/generic/pgf/math/pgfmath
.code.tex
(/mnt/bigp/texlive/texcopy/texlive/2020/texmf-dist/tex/generic/pgf/math/pgfmath
calc.code.tex
(/mnt/bigp/texlive/texcopy/texlive/2020/texmf-dist/tex/generic/pgf/math/pgfmath
util.code.tex)
(/mnt/bigp/texlive/texcopy/texlive/2020/texmf-dist/tex/generic/pgf/math/pgfmath
parser.code.tex
\pgfmath@dimen=\dimen172
\pgfmath@count=\count269
\pgfmath@box=\box55
\pgfmath@toks=\toks24
\pgfmath@stack@operand=\toks25
\pgfmath@stack@operation=\toks26
)
(/mnt/bigp/texlive/texcopy/texlive/2020/texmf-dist/tex/generic/pgf/math/pgfmath
functions.code.tex
(/mnt/bigp/texlive/texcopy/texlive/2020/texmf-dist/tex/generic/pgf/math/pgfmath
functions.basic.code.tex)
(/mnt/bigp/texlive/texcopy/texlive/2020/texmf-dist/tex/generic/pgf/math/pgfmath
functions.trigonometric.code.tex)
(/mnt/bigp/texlive/texcopy/texlive/2020/texmf-dist/tex/generic/pgf/math/pgfmath
functions.random.code.tex)
(/mnt/bigp/texlive/texcopy/texlive/2020/texmf-dist/tex/generic/pgf/math/pgfmath
functions.comparison.code.tex)
(/mnt/bigp/texlive/texcopy/texlive/2020/texmf-dist/tex/generic/pgf/math/pgfmath
functions.base.code.tex)
(/mnt/bigp/texlive/texcopy/texlive/2020/texmf-dist/tex/generic/pgf/math/pgfmath
functions.round.code.tex)
(/mnt/bigp/texlive/texcopy/texlive/2020/texmf-dist/tex/generic/pgf/math/pgfmath
functions.misc.code.tex)
(/mnt/bigp/texlive/texcopy/texlive/2020/texmf-dist/tex/generic/pgf/math/pgfmath
functions.integerarithmetics.code.tex)))
(/mnt/bigp/texlive/texcopy/texlive/2020/texmf-dist/tex/generic/pgf/math/pgfmath
float.code.tex
\c@pgfmathroundto@lastzeros=\count270
))
(/mnt/bigp/texlive/texcopy/texlive/2020/texmf-dist/tex/generic/pgf/math/pgfint.
code.tex)
(/mnt/bigp/texlive/texcopy/texlive/2020/texmf-dist/tex/generic/pgf/basiclayer/p
gfcorepoints.code.tex
File: pgfcorepoints.code.tex 2020/01/08 v3.1.5b (3.1.5b)
\pgf@picminx=\dimen173
\pgf@picmaxx=\dimen174
\pgf@picminy=\dimen175
\pgf@picmaxy=\dimen176
\pgf@pathminx=\dimen177
\pgf@pathmaxx=\dimen178
\pgf@pathminy=\dimen179
\pgf@pathmaxy=\dimen180
\pgf@xx=\dimen181
\pgf@xy=\dimen182
\pgf@yx=\dimen183
\pgf@yy=\dimen184
\pgf@zx=\dimen185
\pgf@zy=\dimen186
)
(/mnt/bigp/texlive/texcopy/texlive/2020/texmf-dist/tex/generic/pgf/basiclayer/p
gfcorepathconstruct.code.tex
File: pgfcorepathconstruct.code.tex 2020/01/08 v3.1.5b (3.1.5b)
\pgf@path@lastx=\dimen187
\pgf@path@lasty=\dimen188
)
(/mnt/bigp/texlive/texcopy/texlive/2020/texmf-dist/tex/generic/pgf/basiclayer/p
gfcorepathusage.code.tex
File: pgfcorepathusage.code.tex 2020/01/08 v3.1.5b (3.1.5b)
\pgf@shorten@end@additional=\dimen189
\pgf@shorten@start@additional=\dimen190
)
(/mnt/bigp/texlive/texcopy/texlive/2020/texmf-dist/tex/generic/pgf/basiclayer/p
gfcorescopes.code.tex
File: pgfcorescopes.code.tex 2020/01/08 v3.1.5b (3.1.5b)
\pgfpic=\box56
\pgf@hbox=\box57
\pgf@layerbox@main=\box58
\pgf@picture@serial@count=\count271
)
(/mnt/bigp/texlive/texcopy/texlive/2020/texmf-dist/tex/generic/pgf/basiclayer/p
gfcoregraphicstate.code.tex
File: pgfcoregraphicstate.code.tex 2020/01/08 v3.1.5b (3.1.5b)
\pgflinewidth=\dimen191
)
(/mnt/bigp/texlive/texcopy/texlive/2020/texmf-dist/tex/generic/pgf/basiclayer/p
gfcoretransformations.code.tex
File: pgfcoretransformations.code.tex 2020/01/08 v3.1.5b (3.1.5b)
\pgf@pt@x=\dimen192
\pgf@pt@y=\dimen193
\pgf@pt@temp=\dimen194
)
(/mnt/bigp/texlive/texcopy/texlive/2020/texmf-dist/tex/generic/pgf/basiclayer/p
gfcorequick.code.tex
File: pgfcorequick.code.tex 2020/01/08 v3.1.5b (3.1.5b)
)
(/mnt/bigp/texlive/texcopy/texlive/2020/texmf-dist/tex/generic/pgf/basiclayer/p
gfcoreobjects.code.tex
File: pgfcoreobjects.code.tex 2020/01/08 v3.1.5b (3.1.5b)
)
(/mnt/bigp/texlive/texcopy/texlive/2020/texmf-dist/tex/generic/pgf/basiclayer/p
gfcorepathprocessing.code.tex
File: pgfcorepathprocessing.code.tex 2020/01/08 v3.1.5b (3.1.5b)
)
(/mnt/bigp/texlive/texcopy/texlive/2020/texmf-dist/tex/generic/pgf/basiclayer/p
gfcorearrows.code.tex
File: pgfcorearrows.code.tex 2020/01/08 v3.1.5b (3.1.5b)
\pgfarrowsep=\dimen195
)
(/mnt/bigp/texlive/texcopy/texlive/2020/texmf-dist/tex/generic/pgf/basiclayer/p
gfcoreshade.code.tex
File: pgfcoreshade.code.tex 2020/01/08 v3.1.5b (3.1.5b)
\pgf@max=\dimen196
\pgf@sys@shading@range@num=\count272
\pgf@shadingcount=\count273
)
(/mnt/bigp/texlive/texcopy/texlive/2020/texmf-dist/tex/generic/pgf/basiclayer/p
gfcoreimage.code.tex
File: pgfcoreimage.code.tex 2020/01/08 v3.1.5b (3.1.5b)

(/mnt/bigp/texlive/texcopy/texlive/2020/texmf-dist/tex/generic/pgf/basiclayer/p
gfcoreexternal.code.tex
File: pgfcoreexternal.code.tex 2020/01/08 v3.1.5b (3.1.5b)
\pgfexternal@startupbox=\box59
))
(/mnt/bigp/texlive/texcopy/texlive/2020/texmf-dist/tex/generic/pgf/basiclayer/p
gfcorelayers.code.tex
File: pgfcorelayers.code.tex 2020/01/08 v3.1.5b (3.1.5b)
)
(/mnt/bigp/texlive/texcopy/texlive/2020/texmf-dist/tex/generic/pgf/basiclayer/p
gfcoretransparency.code.tex
File: pgfcoretransparency.code.tex 2020/01/08 v3.1.5b (3.1.5b)
)
(/mnt/bigp/texlive/texcopy/texlive/2020/texmf-dist/tex/generic/pgf/basiclayer/p
gfcorepatterns.code.tex
File: pgfcorepatterns.code.tex 2020/01/08 v3.1.5b (3.1.5b)
)
(/mnt/bigp/texlive/texcopy/texlive/2020/texmf-dist/tex/generic/pgf/basiclayer/p
gfcorerdf.code.tex
File: pgfcorerdf.code.tex 2020/01/08 v3.1.5b (3.1.5b)
)))
(/mnt/bigp/texlive/texcopy/texlive/2020/texmf-dist/tex/latex/pgf/utilities/xxco
lor.sty
Package: xxcolor 2003/10/24 ver 0.1
\XC@nummixins=\count274
\XC@countmixins=\count275
)
(/mnt/bigp/texlive/texcopy/texlive/2020/texmf-dist/tex/generic/atbegshi/atbegsh
i.sty
Package: atbegshi 2019/12/05 v1.19 At begin shipout hook (HO)

(/mnt/bigp/texlive/texcopy/texlive/2020/texmf-dist/tex/generic/infwarerr/infwar
err.sty
Package: infwarerr 2019/12/03 v1.5 Providing info/warning/error messages (HO)
)
(/mnt/bigp/texlive/texcopy/texlive/2020/texmf-dist/tex/generic/ltxcmds/ltxcmds.
sty
Package: ltxcmds 2019/12/15 v1.24 LaTeX kernel commands for general use (HO)
))
(/mnt/bigp/texlive/texcopy/texlive/2020/texmf-dist/tex/latex/hyperref/hyperref.
sty
Package: hyperref 2020-05-15 v7.00e Hypertext links for LaTeX

(/mnt/bigp/texlive/texcopy/texlive/2020/texmf-dist/tex/generic/pdftexcmds/pdfte
xcmds.sty
Package: pdftexcmds 2020-06-27 v0.33 Utility functions of pdfTeX for LuaTeX (HO
)
Package pdftexcmds Info: \pdf@primitive is available.
Package pdftexcmds Info: \pdf@ifprimitive is available.
Package pdftexcmds Info: \pdfdraftmode found.
)
(/mnt/bigp/texlive/texcopy/texlive/2020/texmf-dist/tex/generic/kvsetkeys/kvsetk
eys.sty
Package: kvsetkeys 2019/12/15 v1.18 Key value parser (HO)
)
(/mnt/bigp/texlive/texcopy/texlive/2020/texmf-dist/tex/generic/kvdefinekeys/kvd
efinekeys.sty
Package: kvdefinekeys 2019-12-19 v1.6 Define keys (HO)
)
(/mnt/bigp/texlive/texcopy/texlive/2020/texmf-dist/tex/generic/pdfescape/pdfesc
ape.sty
Package: pdfescape 2019/12/09 v1.15 Implements pdfTeX's escape features (HO)
)
(/mnt/bigp/texlive/texcopy/texlive/2020/texmf-dist/tex/latex/hycolor/hycolor.st
y
Package: hycolor 2020-01-27 v1.10 Color options for hyperref/bookmark (HO)
)
(/mnt/bigp/texlive/texcopy/texlive/2020/texmf-dist/tex/latex/letltxmacro/letltx
macro.sty
Package: letltxmacro 2019/12/03 v1.6 Let assignment for LaTeX macros (HO)
)
(/mnt/bigp/texlive/texcopy/texlive/2020/texmf-dist/tex/latex/auxhook/auxhook.st
y
Package: auxhook 2019-12-17 v1.6 Hooks for auxiliary files (HO)
)
(/mnt/bigp/texlive/texcopy/texlive/2020/texmf-dist/tex/latex/kvoptions/kvoption
s.sty
Package: kvoptions 2019/11/29 v3.13 Key value format for package options (HO)
)
\@linkdim=\dimen197
\Hy@linkcounter=\count276
\Hy@pagecounter=\count277

(/mnt/bigp/texlive/texcopy/texlive/2020/texmf-dist/tex/latex/hyperref/pd1enc.de
f
File: pd1enc.def 2020-05-15 v7.00e Hyperref: PDFDocEncoding definition (HO)
Now handling font encoding PD1 ...
... no UTF-8 mapping file for font encoding PD1
)
(/mnt/bigp/texlive/texcopy/texlive/2020/texmf-dist/tex/generic/intcalc/intcalc.
sty
Package: intcalc 2019/12/15 v1.3 Expandable calculations with integers (HO)
)
(/mnt/bigp/texlive/texcopy/texlive/2020/texmf-dist/tex/generic/etexcmds/etexcmd
s.sty
Package: etexcmds 2019/12/15 v1.7 Avoid name clashes with e-TeX commands (HO)
)
\Hy@SavedSpaceFactor=\count278
Package hyperref Info: Option `bookmarks' set `true' on input line 4338.
Package hyperref Info: Option `bookmarksopen' set `true' on input line 4338.
Package hyperref Info: Option `implicit' set `false' on input line 4338.
Package hyperref Info: Hyper figures OFF on input line 4464.
Package hyperref Info: Link nesting OFF on input line 4469.
Package hyperref Info: Hyper index ON on input line 4472.
Package hyperref Info: Plain pages OFF on input line 4479.
Package hyperref Info: Backreferencing OFF on input line 4484.
Package hyperref Info: Implicit mode OFF; no redefinition of LaTeX internals.
Package hyperref Info: Bookmarks ON on input line 4717.
\c@Hy@tempcnt=\count279
 (/mnt/bigp/texlive/texcopy/texlive/2020/texmf-dist/tex/latex/url/url.sty
\Urlmuskip=\muskip16
Package: url 2013/09/16  ver 3.4  Verb mode for urls, etc.
)
LaTeX Info: Redefining \url on input line 5076.
\XeTeXLinkMargin=\dimen198

(/mnt/bigp/texlive/texcopy/texlive/2020/texmf-dist/tex/generic/bitset/bitset.st
y
Package: bitset 2019/12/09 v1.3 Handle bit-vector datatype (HO)

(/mnt/bigp/texlive/texcopy/texlive/2020/texmf-dist/tex/generic/bigintcalc/bigin
tcalc.sty
Package: bigintcalc 2019/12/15 v1.5 Expandable calculations on big integers (HO
)
))
\Fld@menulength=\count280
\Field@Width=\dimen199
\Fld@charsize=\dimen256
Package hyperref Info: Hyper figures OFF on input line 6347.
Package hyperref Info: Link nesting OFF on input line 6352.
Package hyperref Info: Hyper index ON on input line 6355.
Package hyperref Info: backreferencing OFF on input line 6362.
Package hyperref Info: Link coloring OFF on input line 6367.
Package hyperref Info: Link coloring with OCG OFF on input line 6372.
Package hyperref Info: PDF/A mode OFF on input line 6377.
LaTeX Info: Redefining \ref on input line 6417.
LaTeX Info: Redefining \pageref on input line 6421.
\Hy@abspage=\count281


Package hyperref Message: Stopped early.

)
Package hyperref Info: Driver (autodetected): hpdftex.

(/mnt/bigp/texlive/texcopy/texlive/2020/texmf-dist/tex/latex/hyperref/hpdftex.d
ef
File: hpdftex.def 2020-05-15 v7.00e Hyperref driver for pdfTeX

(/mnt/bigp/texlive/texcopy/texlive/2020/texmf-dist/tex/latex/atveryend/atveryen
d.sty
Package: atveryend 2019-12-11 v1.11 Hooks at the very end of document (HO)
)
\Fld@listcount=\count282
\c@bookmark@seq@number=\count283

(/mnt/bigp/texlive/texcopy/texlive/2020/texmf-dist/tex/latex/rerunfilecheck/rer
unfilecheck.sty
Package: rerunfilecheck 2019/12/05 v1.9 Rerun checks for auxiliary files (HO)

(/mnt/bigp/texlive/texcopy/texlive/2020/texmf-dist/tex/generic/uniquecounter/un
iquecounter.sty
Package: uniquecounter 2019/12/15 v1.4 Provide unlimited unique counter (HO)
)
Package uniquecounter Info: New unique counter `rerunfilecheck' on input line 2
86.
))
(/mnt/bigp/texlive/texcopy/texlive/2020/texmf-dist/tex/latex/beamer/beamerbaser
equires.sty
(/mnt/bigp/texlive/texcopy/texlive/2020/texmf-dist/tex/latex/beamer/beamerbasec
ompatibility.sty)
(/mnt/bigp/texlive/texcopy/texlive/2020/texmf-dist/tex/latex/beamer/beamerbasef
ont.sty
(/mnt/bigp/texlive/texcopy/texlive/2020/texmf-dist/tex/latex/amsfonts/amssymb.s
ty
Package: amssymb 2013/01/14 v3.01 AMS font symbols

(/mnt/bigp/texlive/texcopy/texlive/2020/texmf-dist/tex/latex/amsfonts/amsfonts.
sty
Package: amsfonts 2013/01/14 v3.01 Basic AMSFonts support
\@emptytoks=\toks27
\symAMSa=\mathgroup4
\symAMSb=\mathgroup5
LaTeX Font Info:    Redeclaring math symbol \hbar on input line 98.
LaTeX Font Info:    Overwriting math alphabet `\mathfrak' in version `bold'
(Font)                  U/euf/m/n --> U/euf/b/n on input line 106.
))
(/mnt/bigp/texlive/texcopy/texlive/2020/texmf-dist/tex/latex/sansmathaccent/san
smathaccent.sty
Package: sansmathaccent 2020/01/31

(/mnt/bigp/texlive/texcopy/texlive/2020/texmf-dist/tex/latex/koma-script/scrlfi
le.sty
Package: scrlfile 2020/07/22 v3.31 KOMA-Script package (loading files)
)))
(/mnt/bigp/texlive/texcopy/texlive/2020/texmf-dist/tex/latex/beamer/beamerbaset
ranslator.sty
(/mnt/bigp/texlive/texcopy/texlive/2020/texmf-dist/tex/latex/translator/transla
tor.sty
Package: translator 2020-08-03 v1.12c Easy translation of strings in LaTeX
))
(/mnt/bigp/texlive/texcopy/texlive/2020/texmf-dist/tex/latex/beamer/beamerbasem
isc.sty)
(/mnt/bigp/texlive/texcopy/texlive/2020/texmf-dist/tex/latex/beamer/beamerbaset
woscreens.sty)
(/mnt/bigp/texlive/texcopy/texlive/2020/texmf-dist/tex/latex/beamer/beamerbaseo
verlay.sty
\beamer@argscount=\count284
\beamer@lastskipcover=\skip50
\beamer@trivlistdepth=\count285
)
(/mnt/bigp/texlive/texcopy/texlive/2020/texmf-dist/tex/latex/beamer/beamerbaset
itle.sty)
(/mnt/bigp/texlive/texcopy/texlive/2020/texmf-dist/tex/latex/beamer/beamerbases
ection.sty
\c@lecture=\count286
\c@part=\count287
\c@section=\count288
\c@subsection=\count289
\c@subsubsection=\count290
)
(/mnt/bigp/texlive/texcopy/texlive/2020/texmf-dist/tex/latex/beamer/beamerbasef
rame.sty
\beamer@framebox=\box60
\beamer@frametitlebox=\box61
\beamer@zoombox=\box62
\beamer@zoomcount=\count291
\beamer@zoomframecount=\count292
\beamer@frametextheight=\dimen257
\c@subsectionslide=\count293
\beamer@frametopskip=\skip51
\beamer@framebottomskip=\skip52
\beamer@frametopskipautobreak=\skip53
\beamer@framebottomskipautobreak=\skip54
\beamer@envbody=\toks28
\framewidth=\dimen258
\c@framenumber=\count294
)
(/mnt/bigp/texlive/texcopy/texlive/2020/texmf-dist/tex/latex/beamer/beamerbasev
erbatim.sty
\beamer@verbatimfileout=\write4
)
(/mnt/bigp/texlive/texcopy/texlive/2020/texmf-dist/tex/latex/beamer/beamerbasef
ramesize.sty
\beamer@splitbox=\box63
\beamer@autobreakcount=\count295
\beamer@autobreaklastheight=\dimen259
\beamer@frametitletoks=\toks29
\beamer@framesubtitletoks=\toks30
)
(/mnt/bigp/texlive/texcopy/texlive/2020/texmf-dist/tex/latex/beamer/beamerbasef
ramecomponents.sty
\beamer@footins=\box64
)
(/mnt/bigp/texlive/texcopy/texlive/2020/texmf-dist/tex/latex/beamer/beamerbasec
olor.sty)
(/mnt/bigp/texlive/texcopy/texlive/2020/texmf-dist/tex/latex/beamer/beamerbasen
otes.sty
\beamer@frameboxcopy=\box65
)
(/mnt/bigp/texlive/texcopy/texlive/2020/texmf-dist/tex/latex/beamer/beamerbaset
oc.sty)
(/mnt/bigp/texlive/texcopy/texlive/2020/texmf-dist/tex/latex/beamer/beamerbaset
emplates.sty
\beamer@sbttoks=\toks31

(/mnt/bigp/texlive/texcopy/texlive/2020/texmf-dist/tex/latex/beamer/beamerbasea
uxtemplates.sty
(/mnt/bigp/texlive/texcopy/texlive/2020/texmf-dist/tex/latex/beamer/beamerbaseb
oxes.sty
\bmb@box=\box66
\bmb@colorbox=\box67
\bmb@boxshadow=\box68
\bmb@boxshadowball=\box69
\bmb@boxshadowballlarge=\box70
\bmb@temp=\dimen260
\bmb@dima=\dimen261
\bmb@dimb=\dimen262
\bmb@prevheight=\dimen263
)
\beamer@blockheadheight=\dimen264
))
(/mnt/bigp/texlive/texcopy/texlive/2020/texmf-dist/tex/latex/beamer/beamerbasel
ocalstructure.sty
(/mnt/bigp/texlive/texcopy/texlive/2020/texmf-dist/tex/latex/tools/enumerate.st
y
Package: enumerate 2015/07/23 v3.00 enumerate extensions (DPC)
\@enLab=\toks32
)
\c@figure=\count296
\c@table=\count297
\abovecaptionskip=\skip55
\belowcaptionskip=\skip56
)
(/mnt/bigp/texlive/texcopy/texlive/2020/texmf-dist/tex/latex/beamer/beamerbasen
avigation.sty
\beamer@section@min@dim=\dimen265
)
(/mnt/bigp/texlive/texcopy/texlive/2020/texmf-dist/tex/latex/beamer/beamerbaset
heorems.sty
(/mnt/bigp/texlive/texcopy/texlive/2020/texmf-dist/tex/latex/amsmath/amsmath.st
y
Package: amsmath 2020/01/20 v2.17e AMS math features
\@mathmargin=\skip57

For additional information on amsmath, use the `?' option.

(/mnt/bigp/texlive/texcopy/texlive/2020/texmf-dist/tex/latex/amsmath/amstext.st
y
Package: amstext 2000/06/29 v2.01 AMS text

(/mnt/bigp/texlive/texcopy/texlive/2020/texmf-dist/tex/latex/amsmath/amsgen.sty
File: amsgen.sty 1999/11/30 v2.0 generic functions
\@emptytoks=\toks33
\ex@=\dimen266
))
(/mnt/bigp/texlive/texcopy/texlive/2020/texmf-dist/tex/latex/amsmath/amsbsy.sty
Package: amsbsy 1999/11/29 v1.2d Bold Symbols
\pmbraise@=\dimen267
)
(/mnt/bigp/texlive/texcopy/texlive/2020/texmf-dist/tex/latex/amsmath/amsopn.sty
Package: amsopn 2016/03/08 v2.02 operator names
)
\inf@bad=\count298
LaTeX Info: Redefining \frac on input line 227.
\uproot@=\count299
\leftroot@=\count300
LaTeX Info: Redefining \overline on input line 389.
\classnum@=\count301
\DOTSCASE@=\count302
LaTeX Info: Redefining \ldots on input line 486.
LaTeX Info: Redefining \dots on input line 489.
LaTeX Info: Redefining \cdots on input line 610.
\Mathstrutbox@=\box71
\strutbox@=\box72
\big@size=\dimen268
LaTeX Font Info:    Redeclaring font encoding OML on input line 733.
LaTeX Font Info:    Redeclaring font encoding OMS on input line 734.
\macc@depth=\count303
\c@MaxMatrixCols=\count304
\dotsspace@=\muskip17
\c@parentequation=\count305
\dspbrk@lvl=\count306
\tag@help=\toks34
\row@=\count307
\column@=\count308
\maxfields@=\count309
\andhelp@=\toks35
\eqnshift@=\dimen269
\alignsep@=\dimen270
\tagshift@=\dimen271
\tagwidth@=\dimen272
\totwidth@=\dimen273
\lineht@=\dimen274
\@envbody=\toks36
\multlinegap=\skip58
\multlinetaggap=\skip59
\mathdisplay@stack=\toks37
LaTeX Info: Redefining \[ on input line 2859.
LaTeX Info: Redefining \] on input line 2860.
)
(/mnt/bigp/texlive/texcopy/texlive/2020/texmf-dist/tex/latex/amscls/amsthm.sty
Package: amsthm 2020/05/29 v2.20.6
\thm@style=\toks38
\thm@bodyfont=\toks39
\thm@headfont=\toks40
\thm@notefont=\toks41
\thm@headpunct=\toks42
\thm@preskip=\skip60
\thm@postskip=\skip61
\thm@headsep=\skip62
\dth@everypar=\toks43
)
\c@theorem=\count310
)
(/mnt/bigp/texlive/texcopy/texlive/2020/texmf-dist/tex/latex/beamer/beamerbaset
hemes.sty))
(/mnt/bigp/texlive/texcopy/texlive/2020/texmf-dist/tex/latex/beamer/beamertheme
default.sty
(/mnt/bigp/texlive/texcopy/texlive/2020/texmf-dist/tex/latex/beamer/beamerfontt
hemedefault.sty)
(/mnt/bigp/texlive/texcopy/texlive/2020/texmf-dist/tex/latex/beamer/beamercolor
themedefault.sty)
(/mnt/bigp/texlive/texcopy/texlive/2020/texmf-dist/tex/latex/beamer/beamerinner
themedefault.sty
\beamer@dima=\dimen275
\beamer@dimb=\dimen276
)
(/mnt/bigp/texlive/texcopy/texlive/2020/texmf-dist/tex/latex/beamer/beamerouter
themedefault.sty))) (./beamerthemefocus.sty
Package: beamerthemefocus 2018/07/15 v2.0 Focus Beamer theme

(/mnt/bigp/texlive/texcopy/texlive/2020/texmf-dist/tex/latex/base/fontenc.sty
Package: fontenc 2020/02/11 v2.0o Standard LaTeX package
)
(/mnt/bigp/texlive/texcopy/texlive/2020/texmf-dist/tex/latex/fira/FiraSans.sty
Package: FiraSans 2019/10/10 (Bob Tennent and autoinst) Style file for Fira San
s fonts.

(/mnt/bigp/texlive/texcopy/texlive/2020/texmf-dist/tex/generic/iftex/ifxetex.st
y
Package: ifxetex 2019/10/25 v0.7 ifxetex legacy package. Use iftex instead.
)
(/mnt/bigp/texlive/texcopy/texlive/2020/texmf-dist/tex/generic/iftex/ifluatex.s
ty
Package: ifluatex 2019/10/25 v1.5 ifluatex legacy package. Use iftex instead.
)
(/mnt/bigp/texlive/texcopy/texlive/2020/texmf-dist/tex/latex/xkeyval/xkeyval.st
y
Package: xkeyval 2014/12/03 v2.7a package option processing (HA)

(/mnt/bigp/texlive/texcopy/texlive/2020/texmf-dist/tex/generic/xkeyval/xkeyval.
tex
(/mnt/bigp/texlive/texcopy/texlive/2020/texmf-dist/tex/generic/xkeyval/xkvutils
.tex
\XKV@toks=\toks44
\XKV@tempa@toks=\toks45
)
\XKV@depth=\count311
File: xkeyval.tex 2014/12/03 v2.7a key=value parser (HA)
))
(/mnt/bigp/texlive/texcopy/texlive/2020/texmf-dist/tex/latex/base/textcomp.sty
Package: textcomp 2020/02/02 v2.0n Standard LaTeX package
)
(/mnt/bigp/texlive/texcopy/texlive/2020/texmf-dist/tex/latex/fontaxes/fontaxes.
sty
Package: fontaxes 2020/07/21 v1.0e Font selection axes
LaTeX Info: Redefining \upshape on input line 29.
LaTeX Info: Redefining \itshape on input line 31.
LaTeX Info: Redefining \slshape on input line 33.
LaTeX Info: Redefining \swshape on input line 35.
LaTeX Info: Redefining \scshape on input line 37.
LaTeX Info: Redefining \sscshape on input line 39.
LaTeX Info: Redefining \ulcshape on input line 41.
LaTeX Info: Redefining \textsw on input line 47.
LaTeX Info: Redefining \textssc on input line 48.
LaTeX Info: Redefining \textulc on input line 49.
))
(/mnt/bigp/texlive/texcopy/texlive/2020/texmf-dist/tex/latex/fira/FiraMono.sty
Package: FiraMono 2019/10/10 (Bob Tennent and autoinst) Style file for Fira Mon
o fonts.

(/mnt/bigp/texlive/texcopy/texlive/2020/texmf-dist/tex/latex/base/fontenc.sty
Package: fontenc 2020/02/11 v2.0o Standard LaTeX package
LaTeX Font Info:    Trying to load font information for T1+FiraSans-OsF on inpu
t line 112.

(/mnt/bigp/texlive/texcopy/texlive/2020/texmf-dist/tex/latex/fira/T1FiraSans-Os
F.fd
File: T1FiraSans-OsF.fd 2019/10/10 (autoinst) Font definitions for T1/FiraSans-
OsF.
)
LaTeX Font Info:    Font shape `T1/FiraSans-OsF/m/n' in size <10.95> not availa
ble
(Font)              Font shape `T1/FiraSans-OsF/regular/n' tried instead on inp
ut line 112.
LaTeX Font Info:    Font shape `T1/FiraSans-OsF/regular/n' will be
(Font)              scaled to size 10.95pt on input line 112.
)) (./beamercolorthemefocus.sty) (./beamerfontthemefocus.sty)
(./beamerinnerthemefocus.sty
(/mnt/bigp/texlive/texcopy/texlive/2020/texmf-dist/tex/latex/pgf/frontendlayer/
tikz.sty
(/mnt/bigp/texlive/texcopy/texlive/2020/texmf-dist/tex/latex/pgf/basiclayer/pgf
.sty
Package: pgf 2020/01/08 v3.1.5b (3.1.5b)

(/mnt/bigp/texlive/texcopy/texlive/2020/texmf-dist/tex/generic/pgf/modules/pgfm
oduleshapes.code.tex
File: pgfmoduleshapes.code.tex 2020/01/08 v3.1.5b (3.1.5b)
\pgfnodeparttextbox=\box73
)
(/mnt/bigp/texlive/texcopy/texlive/2020/texmf-dist/tex/generic/pgf/modules/pgfm
oduleplot.code.tex
File: pgfmoduleplot.code.tex 2020/01/08 v3.1.5b (3.1.5b)
)
(/mnt/bigp/texlive/texcopy/texlive/2020/texmf-dist/tex/latex/pgf/compatibility/
pgfcomp-version-0-65.sty
Package: pgfcomp-version-0-65 2020/01/08 v3.1.5b (3.1.5b)
\pgf@nodesepstart=\dimen277
\pgf@nodesepend=\dimen278
)
(/mnt/bigp/texlive/texcopy/texlive/2020/texmf-dist/tex/latex/pgf/compatibility/
pgfcomp-version-1-18.sty
Package: pgfcomp-version-1-18 2020/01/08 v3.1.5b (3.1.5b)
))
(/mnt/bigp/texlive/texcopy/texlive/2020/texmf-dist/tex/latex/pgf/utilities/pgff
or.sty
(/mnt/bigp/texlive/texcopy/texlive/2020/texmf-dist/tex/latex/pgf/utilities/pgfk
eys.sty
(/mnt/bigp/texlive/texcopy/texlive/2020/texmf-dist/tex/generic/pgf/utilities/pg
fkeys.code.tex))
(/mnt/bigp/texlive/texcopy/texlive/2020/texmf-dist/tex/latex/pgf/math/pgfmath.s
ty
(/mnt/bigp/texlive/texcopy/texlive/2020/texmf-dist/tex/generic/pgf/math/pgfmath
.code.tex))
(/mnt/bigp/texlive/texcopy/texlive/2020/texmf-dist/tex/generic/pgf/utilities/pg
ffor.code.tex
Package: pgffor 2020/01/08 v3.1.5b (3.1.5b)

(/mnt/bigp/texlive/texcopy/texlive/2020/texmf-dist/tex/generic/pgf/math/pgfmath
.code.tex)
\pgffor@iter=\dimen279
\pgffor@skip=\dimen280
\pgffor@stack=\toks46
\pgffor@toks=\toks47
))
(/mnt/bigp/texlive/texcopy/texlive/2020/texmf-dist/tex/generic/pgf/frontendlaye
r/tikz/tikz.code.tex
Package: tikz 2020/01/08 v3.1.5b (3.1.5b)

(/mnt/bigp/texlive/texcopy/texlive/2020/texmf-dist/tex/generic/pgf/libraries/pg
flibraryplothandlers.code.tex
File: pgflibraryplothandlers.code.tex 2020/01/08 v3.1.5b (3.1.5b)
\pgf@plot@mark@count=\count312
\pgfplotmarksize=\dimen281
)
\tikz@lastx=\dimen282
\tikz@lasty=\dimen283
\tikz@lastxsaved=\dimen284
\tikz@lastysaved=\dimen285
\tikz@lastmovetox=\dimen286
\tikz@lastmovetoy=\dimen287
\tikzleveldistance=\dimen288
\tikzsiblingdistance=\dimen289
\tikz@figbox=\box74
\tikz@figbox@bg=\box75
\tikz@tempbox=\box76
\tikz@tempbox@bg=\box77
\tikztreelevel=\count313
\tikznumberofchildren=\count314
\tikznumberofcurrentchild=\count315
\tikz@fig@count=\count316

(/mnt/bigp/texlive/texcopy/texlive/2020/texmf-dist/tex/generic/pgf/modules/pgfm
odulematrix.code.tex
File: pgfmodulematrix.code.tex 2020/01/08 v3.1.5b (3.1.5b)
\pgfmatrixcurrentrow=\count317
\pgfmatrixcurrentcolumn=\count318
\pgf@matrix@numberofcolumns=\count319
)
\tikz@expandcount=\count320

(/mnt/bigp/texlive/texcopy/texlive/2020/texmf-dist/tex/generic/pgf/frontendlaye
r/tikz/libraries/tikzlibrarytopaths.code.tex
File: tikzlibrarytopaths.code.tex 2020/01/08 v3.1.5b (3.1.5b)
)))) (./beamerouterthemefocus.sty
(/mnt/bigp/texlive/texcopy/texlive/2020/texmf-dist/tex/latex/appendixnumberbeam
er/appendixnumberbeamer.sty)
\focus@pbar@height=\skip63
\focus@pbar@leftoffset=\skip64
\focus@pbar@rightoffset=\skip65
))
(/mnt/bigp/texlive/texcopy/texlive/2020/texmf-dist/tex/latex/booktabs/booktabs.
sty
Package: booktabs 2020/01/12 v1.61803398 Publication quality tables
\heavyrulewidth=\dimen290
\lightrulewidth=\dimen291
\cmidrulewidth=\dimen292
\belowrulesep=\dimen293
\belowbottomsep=\dimen294
\aboverulesep=\dimen295
\abovetopsep=\dimen296
\cmidrulesep=\dimen297
\cmidrulekern=\dimen298
\defaultaddspace=\dimen299
\@cmidla=\count321
\@cmidlb=\count322
\@aboverulesep=\dimen300
\@belowrulesep=\dimen301
\@thisruleclass=\count323
\@lastruleclass=\count324
\@thisrulewidth=\dimen302
)
\sympureletters=\mathgroup6
LaTeX Font Info:    Overwriting symbol font `pureletters' in version `bold'
(Font)                  OT1/mathkerncmss/m/sl --> OT1/mathkerncmss/bx/sl on inp
ut line 52.
 (/mnt/bigp/texlive/texcopy/texlive/2020/texmf-dist/tex/latex/tools/bm.sty
Package: bm 2019/07/24 v1.2d Bold Symbol Support (DPC/FMi)
\symboldoperators=\mathgroup7
\symboldletters=\mathgroup8
\symboldsymbols=\mathgroup9
\symboldpureletters=\mathgroup10
LaTeX Font Info:    Redeclaring math alphabet \mathbf on input line 141.
LaTeX Info: Redefining \bm on input line 209.
) (/mnt/bigp/texlive/texcopy/texlive/2020/texmf-dist/tex/latex/tools/array.sty
Package: array 2019/08/31 v2.4l Tabular extension package (FMi)
\col@sep=\dimen303
\ar@mcellbox=\box78
\extrarowheight=\dimen304
\NC@list=\toks48
\extratabsurround=\skip66
\backup@length=\skip67
\ar@cellbox=\box79
)
(/mnt/bigp/texlive/texcopy/texlive/2020/texmf-dist/tex/latex/subfig/subfig.sty
Package: subfig 2005/06/28 ver: 1.3 subfig package

(/mnt/bigp/texlive/texcopy/texlive/2020/texmf-dist/tex/latex/caption/caption.st
y
Package: caption 2020/09/02 v3.5a Customizing captions (AR)

(/mnt/bigp/texlive/texcopy/texlive/2020/texmf-dist/tex/latex/caption/caption3.s
ty
Package: caption3 2020/09/11 v2.0b caption3 kernel (AR)
\captionmargin=\dimen305
\captionmargin@=\dimen306
\captionwidth=\dimen307
\caption@tempdima=\dimen308
\caption@indent=\dimen309
\caption@parindent=\dimen310
\caption@hangindent=\dimen311
Package caption Info: beamer document class detected.

(/mnt/bigp/texlive/texcopy/texlive/2020/texmf-dist/tex/latex/caption/caption-be
amer.sto
File: caption-beamer.sto 2020/08/22 v2.0 Adaption of the caption package to the
 beamer document classes (AR)
))
\c@caption@flags=\count325
\c@continuedfloat=\count326
Package caption Info: hyperref package is loaded.
Package caption Info: Hyperref support is turned off
(caption)             because hyperref has stopped early.
)
\c@KVtest=\count327
\sf@farskip=\skip68
\sf@captopadj=\dimen312
\sf@capskip=\skip69
\sf@nearskip=\skip70
\c@subfigure=\count328
\c@subfigure@save=\count329
\c@depth=\count330
\c@subtable=\count331
\c@subtable@save=\count332
\sf@top=\skip71
\sf@bottom=\skip72
)
(/mnt/bigp/texlive/texcopy/texlive/2020/texmf-dist/tex/latex/float/float.sty
Package: float 2001/11/08 v1.3d Float enhancements (AL)
\c@float@type=\count333
\float@exts=\toks49
\float@box=\box80
\@float@everytoks=\toks50
\@floatcapt=\box81
)
(/mnt/bigp/texlive/texcopy/texlive/2020/texmf-dist/tex/latex/parskip/parskip.st
y
Package: parskip 2020-06-15 v2.0f non-zero parskip adjustments
)
(/mnt/bigp/texlive/texcopy/texlive/2020/texmf-dist/tex/latex/datetime/datetime.
sty
Package: datetime 2015/03/20 v2.60 Date Time Package

(/mnt/bigp/texlive/texcopy/texlive/2020/texmf-dist/tex/latex/fmtcount/fmtcount.
sty
Package: fmtcount 2020/01/30 v3.07

(/mnt/bigp/texlive/texcopy/texlive/2020/texmf-dist/tex/latex/base/ifthen.sty
Package: ifthen 2014/09/29 v1.1c Standard LaTeX ifthen package (DPC)
)
(/mnt/bigp/texlive/texcopy/texlive/2020/texmf-dist/tex/latex/fmtcount/fcprefix.
sty
Package: fcprefix 2012/09/28

(/mnt/bigp/texlive/texcopy/texlive/2020/texmf-dist/tex/latex/fmtcount/fcnumpars
er.sty
Package: fcnumparser 2017/06/15
\fc@digit@counter=\count334
))
\c@padzeroesN=\count335
\fc@tmpcatcode=\count336
\@DT@modctr=\count337
\@ordinalctr=\count338
\@orgargctr=\count339
\@strctr=\count340
\@tmpstrctr=\count341
\@DT@loopN=\count342
\@DT@X=\count343
)
(/mnt/bigp/texlive/texcopy/texlive/2020/texmf-dist/tex/latex/datetime/datetime-
defaults.sty
Package: datetime-defaults 2013/09/10
)
\@day=\count344
\@month=\count345
\@year=\count346
\c@HOUR=\count347
\c@HOURXII=\count348
\c@MINUTE=\count349
\c@TOHOUR=\count350
\c@TOMINUTE=\count351
\c@SECOND=\count352
\currenthour=\count353
\currentminute=\count354
\currentsecond=\count355
Package datetime Info: No datetime.cfg file found, using default settings on in
put line 308.
\@dtctr=\count356
\dayofyear=\count357
\dayofweek=\count358
LaTeX Info: Redefining \today on input line 736.
\dt@a=\toks51
\dt@b=\toks52
)
(/mnt/bigp/texlive/texcopy/texlive/2020/texmf-dist/tex/latex/cancel/cancel.sty
Package: cancel 2013/04/12 v2.2 Cancel math terms
)
(/mnt/bigp/texlive/texcopy/texlive/2020/texmf-dist/tex/latex/pgfplots/pgfplots.
sty
(/mnt/bigp/texlive/texcopy/texlive/2020/texmf-dist/tex/generic/pgfplots/pgfplot
s.revision.tex)
Package: pgfplots 2020/02/29 v1.17 Data Visualization (1.17)

(/mnt/bigp/texlive/texcopy/texlive/2020/texmf-dist/tex/generic/pgfplots/pgfplot
s.code.tex
(/mnt/bigp/texlive/texcopy/texlive/2020/texmf-dist/tex/generic/pgfplots/pgfplot
score.code.tex
\t@pgfplots@toka=\toks53
\t@pgfplots@tokb=\toks54
\t@pgfplots@tokc=\toks55
\pgfplots@tmpa=\dimen313
\c@pgfplots@coordindex=\count359
\c@pgfplots@scanlineindex=\count360

(/mnt/bigp/texlive/texcopy/texlive/2020/texmf-dist/tex/generic/pgfplots/sys/pgf
plotssysgeneric.code.tex))
(/mnt/bigp/texlive/texcopy/texlive/2020/texmf-dist/tex/generic/pgfplots/libs/pg
fplotslibrary.code.tex)
(/mnt/bigp/texlive/texcopy/texlive/2020/texmf-dist/tex/generic/pgfplots/oldpgfc
ompatib/pgfplotsoldpgfsupp_loader.code.tex
(/mnt/bigp/texlive/texcopy/texlive/2020/texmf-dist/tex/generic/pgf/libraries/pg
flibraryfpu.code.tex))
(/mnt/bigp/texlive/texcopy/texlive/2020/texmf-dist/tex/generic/pgfplots/util/pg
fplotsutil.code.tex
(/mnt/bigp/texlive/texcopy/texlive/2020/texmf-dist/tex/generic/pgfplots/liststr
ucture/pgfplotsliststructure.code.tex)
(/mnt/bigp/texlive/texcopy/texlive/2020/texmf-dist/tex/generic/pgfplots/liststr
ucture/pgfplotsliststructureext.code.tex)
(/mnt/bigp/texlive/texcopy/texlive/2020/texmf-dist/tex/generic/pgfplots/liststr
ucture/pgfplotsarray.code.tex
\c@pgfplotsarray@tmp=\count361
)
(/mnt/bigp/texlive/texcopy/texlive/2020/texmf-dist/tex/generic/pgfplots/liststr
ucture/pgfplotsmatrix.code.tex)
(/mnt/bigp/texlive/texcopy/texlive/2020/texmf-dist/tex/generic/pgfplots/numtabl
e/pgfplotstableshared.code.tex
\c@pgfplotstable@counta=\count362
\t@pgfplotstable@a=\toks56
)
(/mnt/bigp/texlive/texcopy/texlive/2020/texmf-dist/tex/generic/pgfplots/liststr
ucture/pgfplotsdeque.code.tex)
(/mnt/bigp/texlive/texcopy/texlive/2020/texmf-dist/tex/generic/pgfplots/util/pg
fplotsbinary.code.tex
(/mnt/bigp/texlive/texcopy/texlive/2020/texmf-dist/tex/generic/pgfplots/util/pg
fplotsbinary.data.code.tex))
(/mnt/bigp/texlive/texcopy/texlive/2020/texmf-dist/tex/generic/pgfplots/util/pg
fplotsutil.verb.code.tex)
(/mnt/bigp/texlive/texcopy/texlive/2020/texmf-dist/tex/generic/pgfplots/libs/pg
flibrarypgfplots.surfshading.code.tex
\c@pgfplotslibrarysurf@no=\count363

(/mnt/bigp/texlive/texcopy/texlive/2020/texmf-dist/tex/generic/pgfplots/sys/pgf
librarypgfplots.surfshading.pgfsys-pdftex.def)))
(/mnt/bigp/texlive/texcopy/texlive/2020/texmf-dist/tex/generic/pgfplots/util/pg
fplotscolormap.code.tex
(/mnt/bigp/texlive/texcopy/texlive/2020/texmf-dist/tex/generic/pgfplots/util/pg
fplotscolor.code.tex))
(/mnt/bigp/texlive/texcopy/texlive/2020/texmf-dist/tex/generic/pgfplots/pgfplot
sstackedplots.code.tex)
(/mnt/bigp/texlive/texcopy/texlive/2020/texmf-dist/tex/generic/pgfplots/pgfplot
splothandlers.code.tex
(/mnt/bigp/texlive/texcopy/texlive/2020/texmf-dist/tex/generic/pgfplots/pgfplot
smeshplothandler.code.tex
(/mnt/bigp/texlive/texcopy/texlive/2020/texmf-dist/tex/generic/pgfplots/pgfplot
smeshplotimage.code.tex)))
(/mnt/bigp/texlive/texcopy/texlive/2020/texmf-dist/tex/generic/pgfplots/pgfplot
s.scaling.code.tex)
(/mnt/bigp/texlive/texcopy/texlive/2020/texmf-dist/tex/generic/pgfplots/pgfplot
scoordprocessing.code.tex)
(/mnt/bigp/texlive/texcopy/texlive/2020/texmf-dist/tex/generic/pgfplots/pgfplot
s.errorbars.code.tex)
(/mnt/bigp/texlive/texcopy/texlive/2020/texmf-dist/tex/generic/pgfplots/pgfplot
s.markers.code.tex)
(/mnt/bigp/texlive/texcopy/texlive/2020/texmf-dist/tex/generic/pgfplots/pgfplot
sticks.code.tex)
(/mnt/bigp/texlive/texcopy/texlive/2020/texmf-dist/tex/generic/pgfplots/pgfplot
s.paths.code.tex)
(/mnt/bigp/texlive/texcopy/texlive/2020/texmf-dist/tex/generic/pgf/frontendlaye
r/tikz/libraries/tikzlibrarydecorations.code.tex
(/mnt/bigp/texlive/texcopy/texlive/2020/texmf-dist/tex/generic/pgf/modules/pgfm
oduledecorations.code.tex
\pgfdecoratedcompleteddistance=\dimen314
\pgfdecoratedremainingdistance=\dimen315
\pgfdecoratedinputsegmentcompleteddistance=\dimen316
\pgfdecoratedinputsegmentremainingdistance=\dimen317
\pgf@decorate@distancetomove=\dimen318
\pgf@decorate@repeatstate=\count364
\pgfdecorationsegmentamplitude=\dimen319
\pgfdecorationsegmentlength=\dimen320
)
\tikz@lib@dec@box=\box82
)
(/mnt/bigp/texlive/texcopy/texlive/2020/texmf-dist/tex/generic/pgf/frontendlaye
r/tikz/libraries/tikzlibrarydecorations.pathmorphing.code.tex
(/mnt/bigp/texlive/texcopy/texlive/2020/texmf-dist/tex/generic/pgf/libraries/de
corations/pgflibrarydecorations.pathmorphing.code.tex))
(/mnt/bigp/texlive/texcopy/texlive/2020/texmf-dist/tex/generic/pgf/frontendlaye
r/tikz/libraries/tikzlibrarydecorations.pathreplacing.code.tex
(/mnt/bigp/texlive/texcopy/texlive/2020/texmf-dist/tex/generic/pgf/libraries/de
corations/pgflibrarydecorations.pathreplacing.code.tex))
\pgfplots@numplots=\count365
\pgfplots@xmin@reg=\dimen321
\pgfplots@xmax@reg=\dimen322
\pgfplots@ymin@reg=\dimen323
\pgfplots@ymax@reg=\dimen324
\pgfplots@zmin@reg=\dimen325
\pgfplots@zmax@reg=\dimen326
)
(/mnt/bigp/texlive/texcopy/texlive/2020/texmf-dist/tex/generic/pgf/frontendlaye
r/tikz/libraries/tikzlibraryplotmarks.code.tex
File: tikzlibraryplotmarks.code.tex 2020/01/08 v3.1.5b (3.1.5b)

(/mnt/bigp/texlive/texcopy/texlive/2020/texmf-dist/tex/generic/pgf/libraries/pg
flibraryplotmarks.code.tex
File: pgflibraryplotmarks.code.tex 2020/01/08 v3.1.5b (3.1.5b)
)))
(/mnt/bigp/texlive/texcopy/texlive/2020/texmf-dist/tex/generic/pgf/frontendlaye
r/tikz/libraries/tikzlibraryfit.code.tex
File: tikzlibraryfit.code.tex 2020/01/08 v3.1.5b (3.1.5b)
)
(/mnt/bigp/texlive/texcopy/texlive/2020/texmf-dist/tex/generic/pgf/libraries/pg
flibraryarrows.meta.code.tex
File: pgflibraryarrows.meta.code.tex 2020/01/08 v3.1.5b (3.1.5b)
\pgfarrowinset=\dimen327
\pgfarrowlength=\dimen328
\pgfarrowwidth=\dimen329
\pgfarrowlinewidth=\dimen330
)
(/mnt/bigp/texlive/texcopy/texlive/2020/texmf-dist/tex/generic/pgf/frontendlaye
r/tikz/libraries/tikzlibraryshapes.geometric.code.tex
File: tikzlibraryshapes.geometric.code.tex 2020/01/08 v3.1.5b (3.1.5b)

(/mnt/bigp/texlive/texcopy/texlive/2020/texmf-dist/tex/generic/pgf/libraries/sh
apes/pgflibraryshapes.geometric.code.tex
File: pgflibraryshapes.geometric.code.tex 2020/01/08 v3.1.5b (3.1.5b)
))
(/mnt/bigp/texlive/texcopy/texlive/2020/texmf-dist/tex/generic/pgf/frontendlaye
r/tikz/libraries/tikzlibraryarrows.code.tex
File: tikzlibraryarrows.code.tex 2020/01/08 v3.1.5b (3.1.5b)

(/mnt/bigp/texlive/texcopy/texlive/2020/texmf-dist/tex/generic/pgf/libraries/pg
flibraryarrows.code.tex
File: pgflibraryarrows.code.tex 2020/01/08 v3.1.5b (3.1.5b)
\arrowsize=\dimen331
))
(/mnt/bigp/texlive/texcopy/texlive/2020/texmf-dist/tex/generic/pgf/frontendlaye
r/tikz/libraries/tikzlibrarypositioning.code.tex
File: tikzlibrarypositioning.code.tex 2020/01/08 v3.1.5b (3.1.5b)
)
(/mnt/bigp/texlive/texcopy/texlive/2020/texmf-dist/tex/latex/biblatex/biblatex.
sty
Package: biblatex 2020/08/23 v3.15a programmable bibliographies (PK/MW)

(/mnt/bigp/texlive/texcopy/texlive/2020/texmf-dist/tex/latex/logreq/logreq.sty
Package: logreq 2010/08/04 v1.0 xml request logger
\lrq@indent=\count366

(/mnt/bigp/texlive/texcopy/texlive/2020/texmf-dist/tex/latex/logreq/logreq.def
File: logreq.def 2010/08/04 v1.0 logreq spec v1.0
))
\c@tabx@nest=\count367
\c@listtotal=\count368
\c@listcount=\count369
\c@liststart=\count370
\c@liststop=\count371
\c@citecount=\count372
\c@citetotal=\count373
\c@multicitecount=\count374
\c@multicitetotal=\count375
\c@instcount=\count376
\c@maxnames=\count377
\c@minnames=\count378
\c@maxitems=\count379
\c@minitems=\count380
\c@citecounter=\count381
\c@maxcitecounter=\count382
\c@savedcitecounter=\count383
\c@uniquelist=\count384
\c@uniquename=\count385
\c@refsection=\count386
\c@refsegment=\count387
\c@maxextratitle=\count388
\c@maxextratitleyear=\count389
\c@maxextraname=\count390
\c@maxextradate=\count391
\c@maxextraalpha=\count392
\c@abbrvpenalty=\count393
\c@highnamepenalty=\count394
\c@lownamepenalty=\count395
\c@maxparens=\count396
\c@parenlevel=\count397
\blx@tempcnta=\count398
\blx@tempcntb=\count399
\blx@tempcntc=\count400
\blx@maxsection=\count401
\blx@maxsegment@0=\count402
\blx@notetype=\count403
\blx@parenlevel@text=\count404
\blx@parenlevel@foot=\count405
\blx@sectionciteorder@0=\count406
\blx@entrysetcounter=\count407
\blx@biblioinstance=\count408
\labelnumberwidth=\skip73
\labelalphawidth=\skip74
\biblabelsep=\skip75
\bibitemsep=\skip76
\bibnamesep=\skip77
\bibinitsep=\skip78
\bibparsep=\skip79
\bibhang=\skip80
\blx@bcfin=\read3
\blx@bcfout=\write5
\blx@langwohyphens=\language86
\c@mincomprange=\count409
\c@maxcomprange=\count410
\c@mincompwidth=\count411
Package biblatex Info: Trying to load biblatex default data model...
Package biblatex Info: ... file 'blx-dm.def' found.

(/mnt/bigp/texlive/texcopy/texlive/2020/texmf-dist/tex/latex/biblatex/blx-dm.de
f
File: blx-dm.def 2020/08/23 v3.15a biblatex localization (PK/MW)
)
Package biblatex Info: Trying to load biblatex style data model...
Package biblatex Info: ... file 'alphabetic.dbx' not found.
Package biblatex Info: Trying to load biblatex custom data model...
Package biblatex Info: ... file 'biblatex-dm.cfg' not found.
\c@afterword=\count412
\c@savedafterword=\count413
\c@annotator=\count414
\c@savedannotator=\count415
\c@author=\count416
\c@savedauthor=\count417
\c@bookauthor=\count418
\c@savedbookauthor=\count419
\c@commentator=\count420
\c@savedcommentator=\count421
\c@editor=\count422
\c@savededitor=\count423
\c@editora=\count424
\c@savededitora=\count425
\c@editorb=\count426
\c@savededitorb=\count427
\c@editorc=\count428
\c@savededitorc=\count429
\c@foreword=\count430
\c@savedforeword=\count431
\c@holder=\count432
\c@savedholder=\count433
\c@introduction=\count434
\c@savedintroduction=\count435
\c@namea=\count436
\c@savednamea=\count437
\c@nameb=\count438
\c@savednameb=\count439
\c@namec=\count440
\c@savednamec=\count441
\c@translator=\count442
\c@savedtranslator=\count443
\c@shortauthor=\count444
\c@savedshortauthor=\count445
\c@shorteditor=\count446
\c@savedshorteditor=\count447
\c@labelname=\count448
\c@savedlabelname=\count449
\c@institution=\count450
\c@savedinstitution=\count451
\c@lista=\count452
\c@savedlista=\count453
\c@listb=\count454
\c@savedlistb=\count455
\c@listc=\count456
\c@savedlistc=\count457
\c@listd=\count458
\c@savedlistd=\count459
\c@liste=\count460
\c@savedliste=\count461
\c@listf=\count462
\c@savedlistf=\count463
\c@location=\count464
\c@savedlocation=\count465
\c@organization=\count466
\c@savedorganization=\count467
\c@origlocation=\count468
\c@savedoriglocation=\count469
\c@origpublisher=\count470
\c@savedorigpublisher=\count471
\c@publisher=\count472
\c@savedpublisher=\count473
\c@language=\count474
\c@savedlanguage=\count475
\c@origlanguage=\count476
\c@savedoriglanguage=\count477
\c@pageref=\count478
\c@savedpageref=\count479
\shorthandwidth=\skip81
\shortjournalwidth=\skip82
\shortserieswidth=\skip83
\shorttitlewidth=\skip84
\shortauthorwidth=\skip85
\shorteditorwidth=\skip86
\locallabelnumberwidth=\skip87
\locallabelalphawidth=\skip88
\localshorthandwidth=\skip89
\localshortjournalwidth=\skip90
\localshortserieswidth=\skip91
\localshorttitlewidth=\skip92
\localshortauthorwidth=\skip93
\localshorteditorwidth=\skip94
Package biblatex Info: Trying to load compatibility code...
Package biblatex Info: ... file 'blx-compat.def' found.

(/mnt/bigp/texlive/texcopy/texlive/2020/texmf-dist/tex/latex/biblatex/blx-compa
t.def
File: blx-compat.def 2020/08/23 v3.15a biblatex compatibility (PK/MW)
)
(/mnt/bigp/texlive/texcopy/texlive/2020/texmf-dist/tex/latex/l3kernel/expl3.sty
Package: expl3 2020-09-06 L3 programming layer (loader) 

(/mnt/bigp/texlive/texcopy/texlive/2020/texmf-dist/tex/latex/l3backend/l3backen
d-pdftex.def
File: l3backend-pdftex.def 2020-09-11 L3 backend support: PDF output (pdfTeX)
\l__kernel_color_stack_int=\count480
\l__pdf_internal_box=\box83
))
Package biblatex Info: expl3
(biblatex)             2020-09-06 L3 programming layer (loader) 
(biblatex)             is new enough (at least 2020/04/06),
(biblatex)             setting 'casechanger=expl3'.
Package biblatex Info: Trying to load expl3 case changing code...
Package biblatex Info: ... file 'blx-case-expl3.def' found.

(/mnt/bigp/texlive/texcopy/texlive/2020/texmf-dist/tex/latex/biblatex/blx-case-
expl3.def
(/mnt/bigp/texlive/texcopy/texlive/2020/texmf-dist/tex/latex/l3packages/xparse/
xparse.sty
Package: xparse 2020-05-15 L3 Experimental document command parser

(/mnt/bigp/texlive/texcopy/texlive/2020/texmf-dist/tex/latex/l3packages/xparse/
xparse-generic.tex
\l__xparse_current_arg_int=\count481
\g__xparse_grabber_int=\count482
\l__xparse_m_args_int=\count483
\l__xparse_v_nesting_int=\count484
))
File: blx-case-expl3 2020/08/23 v3.15a expl3 case changing code for biblatex
)
Package biblatex Info: Trying to load generic definitions...
Package biblatex Info: ... file 'biblatex.def' found.

(/mnt/bigp/texlive/texcopy/texlive/2020/texmf-dist/tex/latex/biblatex/biblatex.
def
File: biblatex.def 2020/08/23 v3.15a biblatex compatibility (PK/MW)
\c@textcitecount=\count485
\c@textcitetotal=\count486
\c@textcitemaxnames=\count487
\c@biburlbigbreakpenalty=\count488
\c@biburlbreakpenalty=\count489
\c@biburlnumpenalty=\count490
\c@biburlucpenalty=\count491
\c@biburllcpenalty=\count492
\biburlbigskip=\muskip18
\biburlnumskip=\muskip19
\biburlucskip=\muskip20
\biburllcskip=\muskip21
\c@smartand=\count493
)
Package biblatex Info: Trying to load bibliography style 'alphabetic'...
Package biblatex Info: ... file 'alphabetic.bbx' found.

(/mnt/bigp/texlive/texcopy/texlive/2020/texmf-dist/tex/latex/biblatex/bbx/alpha
betic.bbx
File: alphabetic.bbx 2020/08/23 v3.15a biblatex bibliography style (PK/MW)
Package biblatex Info: Trying to load bibliography style 'standard'...
Package biblatex Info: ... file 'standard.bbx' found.

(/mnt/bigp/texlive/texcopy/texlive/2020/texmf-dist/tex/latex/biblatex/bbx/stand
ard.bbx
File: standard.bbx 2020/08/23 v3.15a biblatex bibliography style (PK/MW)
\c@bbx:relatedcount=\count494
\c@bbx:relatedtotal=\count495
))
Package biblatex Info: Trying to load citation style 'alphabetic'...
Package biblatex Info: ... file 'alphabetic.cbx' found.

(/mnt/bigp/texlive/texcopy/texlive/2020/texmf-dist/tex/latex/biblatex/cbx/alpha
betic.cbx
File: alphabetic.cbx 2020/08/23 v3.15a biblatex citation style (PK/MW)
Package biblatex Info: Redefining '\cite'.
Package biblatex Info: Redefining '\parencite'.
Package biblatex Info: Redefining '\footcite'.
Package biblatex Info: Redefining '\footcitetext'.
Package biblatex Info: Redefining '\smartcite'.
Package biblatex Info: Redefining '\textcite'.
Package biblatex Info: Redefining '\textcites'.
Package biblatex Info: Redefining '\cites'.
Package biblatex Info: Redefining '\parencites'.
Package biblatex Info: Redefining '\smartcites'.
)
Package biblatex Info: Trying to load configuration file...
Package biblatex Info: ... file 'biblatex.cfg' found.

(/mnt/bigp/texlive/texcopy/texlive/2020/texmf-dist/tex/latex/biblatex/biblatex.
cfg
File: biblatex.cfg 
))

Package hyperref Warning: Token not allowed in a PDF string (PDFDocEncoding):
(hyperref)                removing `\\' on input line 113.

\@quotelevel=\count496
\@quotereset=\count497
(./presentation.aux)
\openout1 = `presentation.aux'.

LaTeX Font Info:    Checking defaults for OML/cmm/m/it on input line 124.
LaTeX Font Info:    ... okay on input line 124.
LaTeX Font Info:    Checking defaults for OMS/cmsy/m/n on input line 124.
LaTeX Font Info:    ... okay on input line 124.
LaTeX Font Info:    Checking defaults for OT1/cmr/m/n on input line 124.
LaTeX Font Info:    ... okay on input line 124.
LaTeX Font Info:    Checking defaults for T1/cmr/m/n on input line 124.
LaTeX Font Info:    ... okay on input line 124.
LaTeX Font Info:    Checking defaults for TS1/cmr/m/n on input line 124.
LaTeX Font Info:    ... okay on input line 124.
LaTeX Font Info:    Checking defaults for OMX/cmex/m/n on input line 124.
LaTeX Font Info:    ... okay on input line 124.
LaTeX Font Info:    Checking defaults for U/cmr/m/n on input line 124.
LaTeX Font Info:    ... okay on input line 124.
LaTeX Font Info:    Checking defaults for PD1/pdf/m/n on input line 124.
LaTeX Font Info:    ... okay on input line 124.

*geometry* driver: auto-detecting
*geometry* detected driver: pdftex
*geometry* verbose mode - [ preamble ] result:
* driver: pdftex
* paper: custom
* layout: <same size as paper>
* layoutoffset:(h,v)=(0.0pt,0.0pt)
* modes: includehead includefoot 
* h-part:(L,W,R)=(21.33955pt, 321.51625pt, 21.33955pt)
* v-part:(T,H,B)=(0.0pt, 273.14662pt, 0.0pt)
* \paperwidth=364.19536pt
* \paperheight=273.14662pt
* \textwidth=321.51625pt
* \textheight=244.6939pt
* \oddsidemargin=-50.93044pt
* \evensidemargin=-50.93044pt
* \topmargin=-72.26999pt
* \headheight=14.22636pt
* \headsep=0.0pt
* \topskip=11.0pt
* \footskip=14.22636pt
* \marginparwidth=4.0pt
* \marginparsep=10.0pt
* \columnsep=10.0pt
* \skip\footins=10.0pt plus 4.0pt minus 2.0pt
* \hoffset=0.0pt
* \voffset=0.0pt
* \mag=1000
* \@twocolumnfalse
* \@twosidefalse
* \@mparswitchfalse
* \@reversemarginfalse
* (1in=72.27pt=25.4mm, 1cm=28.453pt)


(/mnt/bigp/texlive/texcopy/texlive/2020/texmf-dist/tex/context/base/mkii/supp-p
df.mkii
[Loading MPS to PDF converter (version 2006.09.02).]
\scratchcounter=\count498
\scratchdimen=\dimen332
\scratchbox=\box84
\nofMPsegments=\count499
\nofMParguments=\count500
\everyMPshowfont=\toks57
\MPscratchCnt=\count501
\MPscratchDim=\dimen333
\MPnumerator=\count502
\makeMPintoPDFobject=\count503
\everyMPtoPDFconversion=\toks58
)
(/mnt/bigp/texlive/texcopy/texlive/2020/texmf-dist/tex/latex/epstopdf-pkg/epsto
pdf-base.sty
Package: epstopdf-base 2020-01-24 v2.11 Base part for package epstopdf
Package epstopdf-base Info: Redefining graphics rule for `.eps' on input line 4
85.

(/mnt/bigp/texlive/texcopy/texlive/2020/texmf-dist/tex/latex/latexconfig/epstop
df-sys.cfg
File: epstopdf-sys.cfg 2010/07/13 v1.3 Configuration of (r)epstopdf for TeX Liv
e
)) ABD: EveryShipout initializing macros
\AtBeginShipoutBox=\box85
Package hyperref Info: Link coloring OFF on input line 124.

(/mnt/bigp/texlive/texcopy/texlive/2020/texmf-dist/tex/latex/hyperref/nameref.s
ty
Package: nameref 2019/09/16 v2.46 Cross-referencing by name of section

(/mnt/bigp/texlive/texcopy/texlive/2020/texmf-dist/tex/latex/refcount/refcount.
sty
Package: refcount 2019/12/15 v3.6 Data extraction from label references (HO)
)
(/mnt/bigp/texlive/texcopy/texlive/2020/texmf-dist/tex/generic/gettitlestring/g
ettitlestring.sty
Package: gettitlestring 2019/12/15 v1.6 Cleanup title references (HO)
)
\c@section@level=\count504
)
LaTeX Info: Redefining \ref on input line 124.
LaTeX Info: Redefining \pageref on input line 124.
LaTeX Info: Redefining \nameref on input line 124.
 (./presentation.out) (./presentation.out)
\@outlinefile=\write6
\openout6 = `presentation.out'.

LaTeX Font Info:    Overwriting symbol font `operators' in version `normal'
(Font)                  OT1/cmr/m/n --> OT1/cmss/m/n on input line 124.
LaTeX Font Info:    Overwriting symbol font `operators' in version `bold'
(Font)                  OT1/cmr/bx/n --> OT1/cmss/b/n on input line 124.
\symnumbers=\mathgroup11
LaTeX Font Info:    Redeclaring symbol font `pureletters' on input line 124.
LaTeX Font Info:    Encoding `OT1' has changed to `T1' for symbol font
(Font)              `pureletters' in the math version `normal' on input line 12
4.
LaTeX Font Info:    Overwriting symbol font `pureletters' in version `normal'
(Font)                  OT1/mathkerncmss/m/sl --> T1/FiraSans-OsF/m/it on input
 line 124.
LaTeX Font Info:    Encoding `OT1' has changed to `T1' for symbol font
(Font)              `pureletters' in the math version `bold' on input line 124.

LaTeX Font Info:    Overwriting symbol font `pureletters' in version `bold'
(Font)                  OT1/mathkerncmss/bx/sl --> T1/FiraSans-OsF/m/it on inpu
t line 124.
LaTeX Font Info:    Overwriting math alphabet `\mathrm' in version `normal'
(Font)                  OT1/cmss/m/n --> T1/cmr/m/n on input line 124.
LaTeX Font Info:    Redeclaring math alphabet \mathbf on input line 124.
LaTeX Font Info:    Redeclaring math alphabet \mathsf on input line 124.
LaTeX Font Info:    Overwriting math alphabet `\mathsf' in version `normal'
(Font)                  OT1/cmss/m/n --> T1/FiraSans-OsF/m/n on input line 124.

LaTeX Font Info:    Overwriting math alphabet `\mathsf' in version `bold'
(Font)                  OT1/cmss/bx/n --> T1/FiraSans-OsF/m/n on input line 124
.
LaTeX Font Info:    Redeclaring math alphabet \mathit on input line 124.
LaTeX Font Info:    Overwriting math alphabet `\mathit' in version `normal'
(Font)                  OT1/cmr/m/it --> T1/FiraSans-OsF/m/it on input line 124
.
LaTeX Font Info:    Overwriting math alphabet `\mathit' in version `bold'
(Font)                  OT1/cmr/bx/it --> T1/FiraSans-OsF/m/it on input line 12
4.
LaTeX Font Info:    Redeclaring math alphabet \mathtt on input line 124.
LaTeX Font Info:    Overwriting math alphabet `\mathtt' in version `normal'
(Font)                  OT1/cmtt/m/n --> T1/FiraMono-TOsF/m/n on input line 124
.
LaTeX Font Info:    Overwriting math alphabet `\mathtt' in version `bold'
(Font)                  OT1/cmtt/m/n --> T1/FiraMono-TOsF/m/n on input line 124
.
LaTeX Font Info:    Overwriting symbol font `numbers' in version `bold'
(Font)                  T1/FiraSans-OsF/m/n --> T1/FiraSans-OsF/b/n on input li
ne 124.
LaTeX Font Info:    Overwriting symbol font `pureletters' in version `bold'
(Font)                  T1/FiraSans-OsF/m/it --> T1/FiraSans-OsF/b/it on input 
line 124.
LaTeX Font Info:    Overwriting math alphabet `\mathrm' in version `bold'
(Font)                  OT1/cmss/b/n --> T1/cmr/b/n on input line 124.
LaTeX Font Info:    Overwriting math alphabet `\mathbf' in version `bold'
(Font)                  T1/FiraSans-OsF/b/n --> T1/FiraSans-OsF/b/n on input li
ne 124.
LaTeX Font Info:    Overwriting math alphabet `\mathsf' in version `bold'
(Font)                  T1/FiraSans-OsF/m/n --> T1/FiraSans-OsF/b/n on input li
ne 124.
LaTeX Font Info:    Overwriting math alphabet `\mathit' in version `bold'
(Font)                  T1/FiraSans-OsF/m/it --> T1/FiraSans-OsF/b/it on input 
line 124.
LaTeX Font Info:    Overwriting math alphabet `\mathtt' in version `bold'
(Font)                  T1/FiraMono-TOsF/m/n --> T1/FiraMono-TOsF/b/n on input 
line 124.
LaTeX Font Info:    Redeclaring symbol font `boldpureletters' on input line 124
.
LaTeX Font Info:    Encoding `OT1' has changed to `T1' for symbol font
(Font)              `boldpureletters' in the math version `normal' on input lin
e 124.
LaTeX Font Info:    Overwriting symbol font `boldpureletters' in version `norma
l'
(Font)                  OT1/mathkerncmss/bx/sl --> T1/FiraSans-OsF/bx/it on inp
ut line 124.
LaTeX Font Info:    Encoding `OT1' has changed to `T1' for symbol font
(Font)              `boldpureletters' in the math version `bold' on input line 
124.
LaTeX Font Info:    Overwriting symbol font `boldpureletters' in version `bold'

(Font)                  OT1/mathkerncmss/bx/sl --> T1/FiraSans-OsF/bx/it on inp
ut line 124.

(/mnt/bigp/texlive/texcopy/texlive/2020/texmf-dist/tex/latex/translator/transla
tor-basic-dictionary-English.dict
Dictionary: translator-basic-dictionary, Language: English 
)
(/mnt/bigp/texlive/texcopy/texlive/2020/texmf-dist/tex/latex/translator/transla
tor-bibliography-dictionary-English.dict
Dictionary: translator-bibliography-dictionary, Language: English 
)
(/mnt/bigp/texlive/texcopy/texlive/2020/texmf-dist/tex/latex/translator/transla
tor-environment-dictionary-English.dict
Dictionary: translator-environment-dictionary, Language: English 
)
(/mnt/bigp/texlive/texcopy/texlive/2020/texmf-dist/tex/latex/translator/transla
tor-months-dictionary-English.dict
Dictionary: translator-months-dictionary, Language: English 
)
(/mnt/bigp/texlive/texcopy/texlive/2020/texmf-dist/tex/latex/translator/transla
tor-numbers-dictionary-English.dict
Dictionary: translator-numbers-dictionary, Language: English 
)
(/mnt/bigp/texlive/texcopy/texlive/2020/texmf-dist/tex/latex/translator/transla
tor-theorem-dictionary-English.dict
Dictionary: translator-theorem-dictionary, Language: English 
)
\c@mv@tabular=\count505
\c@mv@boldtabular=\count506
Package caption Info: Begin \AtBeginDocument code.
Package caption Info: subfig package v1.3 is loaded.
Package caption Info: float package is loaded.
Package caption Info: End \AtBeginDocument code.

(/mnt/bigp/texlive/texcopy/texlive/2020/texmf-dist/tex/latex/fmtcount/fc-englis
h.def
File: fc-english.def 2016/01/12
)

Package pgfplots Warning: running in backwards compatibility mode (unsuitable t
ick labels; missing features). Consider writing \pgfplotsset{compat=1.17} into 
your preamble.
 on input line 124.

Package biblatex Info: Trying to load language 'english'...
Package biblatex Info: ... file 'english.lbx' found.

(/mnt/bigp/texlive/texcopy/texlive/2020/texmf-dist/tex/latex/biblatex/lbx/engli
sh.lbx
File: english.lbx 2020/08/23 v3.15a biblatex localization (PK/MW)
)
Package biblatex Info: Input encoding 'utf8' detected.
Package biblatex Info: Automatic encoding selection.
(biblatex)             Assuming data encoding 'utf8'.
\openout5 = `presentation.bcf'.

Package biblatex Info: Trying to load bibliographic data...
Package biblatex Info: ... file 'presentation.bbl' found.
 (./presentation.bbl

Package biblatex Warning: The following entry could not be found
(biblatex)                in the database:
(biblatex)                knuth74
(biblatex)                Please verify the spelling and rerun
(biblatex)                LaTeX afterwards.

)
Package biblatex Info: Reference section=0 on input line 124.
Package biblatex Info: Reference segment=0 on input line 124.
 (./presentation.nav)
LaTeX Font Info:    Font shape `T1/FiraSans-OsF/m/n' in size <6> not available
(Font)              Font shape `T1/FiraSans-OsF/regular/n' tried instead on inp
ut line 124.
LaTeX Font Info:    Font shape `T1/FiraSans-OsF/regular/n' will be
(Font)              scaled to size 6.0pt on input line 124.
LaTeX Font Info:    Font shape `T1/FiraSans-OsF/m/n' in size <8> not available
(Font)              Font shape `T1/FiraSans-OsF/regular/n' tried instead on inp
ut line 124.
LaTeX Font Info:    Font shape `T1/FiraSans-OsF/regular/n' will be
(Font)              scaled to size 8.0pt on input line 124.
LaTeX Font Info:    Font shape `T1/FiraSans-OsF/m/n' in size <17.28> not availa
ble
(Font)              Font shape `T1/FiraSans-OsF/regular/n' tried instead on inp
ut line 130.
LaTeX Font Info:    Font shape `T1/FiraSans-OsF/regular/n' will be
(Font)              scaled to size 17.28pt on input line 130.
LaTeX Font Info:    Font shape `T1/FiraSans-OsF/m/sc' in size <17.28> not avail
able
(Font)              Font shape `T1/FiraSans-OsF/regular/sc' tried instead on in
put line 130.
LaTeX Font Info:    Font shape `T1/FiraSans-OsF/regular/sc' will be
(Font)              scaled to size 17.28pt on input line 130.
LaTeX Font Info:    Font shape `T1/FiraSans-OsF/b/sc' in size <17.28> not avail
able
(Font)              Font shape `T1/FiraSans-OsF/bold/sc' tried instead on input
 line 130.
LaTeX Font Info:    Font shape `T1/FiraSans-OsF/bold/sc' will be
(Font)              scaled to size 17.28pt on input line 130.

Underfull \hbox (badness 1199) in paragraph at lines 130--130
[]\T1/FiraSans-OsF/bold/sc/17.28 Improving sample-efficiency of model-
 []


Underfull \hbox (badness 4328) in paragraph at lines 130--130
\T1/FiraSans-OsF/bold/sc/17.28 on im-age in-puts with rep-re-sen-ta-tion
 []

LaTeX Font Info:    Font shape `T1/FiraSans-OsF/m/sc' in size <10.95> not avail
able
(Font)              Font shape `T1/FiraSans-OsF/regular/sc' tried instead on in
put line 130.
LaTeX Font Info:    Font shape `T1/FiraSans-OsF/regular/sc' will be
(Font)              scaled to size 10.95pt on input line 130.
<Images/ChGULogoHog.pdf, id=49, 142.26349pt x 199.1691pt>
File: Images/ChGULogoHog.pdf Graphic file (type pdf)
<use Images/ChGULogoHog.pdf>
Package pdftex.def Info: Images/ChGULogoHog.pdf  used on input line 130.
(pdftex.def)             Requested size: 78.24515pt x 109.54332pt.
LaTeX Font Info:    Font shape `T1/FiraSans-OsF/m/n' in size <12> not available

(Font)              Font shape `T1/FiraSans-OsF/regular/n' tried instead on inp
ut line 130.
LaTeX Font Info:    Font shape `T1/FiraSans-OsF/regular/n' will be
(Font)              scaled to size 12.0pt on input line 130.
LaTeX Font Info:    Font shape `T1/FiraSans-OsF/m/sc' in size <12> not availabl
e
(Font)              Font shape `T1/FiraSans-OsF/regular/sc' tried instead on in
put line 130.
LaTeX Font Info:    Font shape `T1/FiraSans-OsF/regular/sc' will be
(Font)              scaled to size 12.0pt on input line 130.
LaTeX Font Info:    Font shape `T1/FiraSans-OsF/m/n' in size <10> not available

(Font)              Font shape `T1/FiraSans-OsF/regular/n' tried instead on inp
ut line 130.
LaTeX Font Info:    Font shape `T1/FiraSans-OsF/regular/n' will be
(Font)              scaled to size 10.0pt on input line 130.
LaTeX Font Info:    Font shape `T1/FiraSans-OsF/m/sc' in size <10> not availabl
e
(Font)              Font shape `T1/FiraSans-OsF/regular/sc' tried instead on in
put line 130.
LaTeX Font Info:    Font shape `T1/FiraSans-OsF/regular/sc' will be
(Font)              scaled to size 10.0pt on input line 130.

Overfull \vbox (73.18979pt too high) detected at line 130
 []

LaTeX Font Info:    Font shape `T1/FiraSans-OsF/m/n' in size <4> not available
(Font)              Font shape `T1/FiraSans-OsF/regular/n' tried instead on inp
ut line 130.
LaTeX Font Info:    Font shape `T1/FiraSans-OsF/regular/n' will be
(Font)              scaled to size 4.0pt on input line 130.
[1

{/mnt/bigp/texlive/texcopy/texlive/2020/texmf-var/fonts/map/pdftex/updmap/pdfte
x.map} <./Images/ChGULogoHog.pdf>] (./presentation.toc)
LaTeX Font Info:    Font shape `T1/FiraSans-OsF/m/n' in size <14.4> not availab
le
(Font)              Font shape `T1/FiraSans-OsF/regular/n' tried instead on inp
ut line 135.
LaTeX Font Info:    Font shape `T1/FiraSans-OsF/regular/n' will be
(Font)              scaled to size 14.4pt on input line 135.
LaTeX Font Info:    Font shape `T1/FiraSans-OsF/m/sc' in size <14.4> not availa
ble
(Font)              Font shape `T1/FiraSans-OsF/regular/sc' tried instead on in
put line 135.
LaTeX Font Info:    Font shape `T1/FiraSans-OsF/regular/sc' will be
(Font)              scaled to size 14.4pt on input line 135.
 [2

]
LaTeX Font Info:    Font shape `T1/FiraSans-OsF/m/n' in size <20.74> not availa
ble
(Font)              Font shape `T1/FiraSans-OsF/regular/n' tried instead on inp
ut line 137.
LaTeX Font Info:    Font shape `T1/FiraSans-OsF/regular/n' will be
(Font)              scaled to size 20.74pt on input line 137.
LaTeX Font Info:    Font shape `T1/FiraSans-OsF/m/sc' in size <20.74> not avail
able
(Font)              Font shape `T1/FiraSans-OsF/regular/sc' tried instead on in
put line 137.
LaTeX Font Info:    Font shape `T1/FiraSans-OsF/regular/sc' will be
(Font)              scaled to size 20.74pt on input line 137.
LaTeX Font Info:    Font shape `T1/FiraSans-OsF/b/sc' in size <20.74> not avail
able
(Font)              Font shape `T1/FiraSans-OsF/bold/sc' tried instead on input
 line 137.
LaTeX Font Info:    Font shape `T1/FiraSans-OsF/bold/sc' will be
(Font)              scaled to size 20.74pt on input line 137.

Overfull \vbox (18.59999pt too high) detected at line 137
 []

[3

]
Overfull \vbox (18.59999pt too high) detected at line 139
 []

[4

] [5

] [6

] [7

] [8

]
Overfull \vbox (18.59999pt too high) detected at line 164
 []

[9

]
LaTeX Font Info:    Font shape `T1/FiraSans-OsF/b/n' in size <10.95> not availa
ble
(Font)              Font shape `T1/FiraSans-OsF/bold/n' tried instead on input 
line 187.
LaTeX Font Info:    Font shape `T1/FiraSans-OsF/bold/n' will be
(Font)              scaled to size 10.95pt on input line 187.
LaTeX Font Info:    Trying to load font information for U+msa on input line 187
.

(/mnt/bigp/texlive/texcopy/texlive/2020/texmf-dist/tex/latex/amsfonts/umsa.fd
File: umsa.fd 2013/01/14 v3.01 AMS symbols A
)
LaTeX Font Info:    Trying to load font information for U+msb on input line 187
.

(/mnt/bigp/texlive/texcopy/texlive/2020/texmf-dist/tex/latex/amsfonts/umsb.fd
File: umsb.fd 2013/01/14 v3.01 AMS symbols B
)
LaTeX Font Info:    Font shape `T1/FiraSans-OsF/m/it' in size <10.95> not avail
able
(Font)              Font shape `T1/FiraSans-OsF/regular/it' tried instead on in
put line 187.
LaTeX Font Info:    Font shape `T1/FiraSans-OsF/regular/it' will be
(Font)              scaled to size 10.95pt on input line 187.
LaTeX Font Info:    Font shape `T1/FiraSans-OsF/m/it' in size <8> not available

(Font)              Font shape `T1/FiraSans-OsF/regular/it' tried instead on in
put line 187.
LaTeX Font Info:    Font shape `T1/FiraSans-OsF/regular/it' will be
(Font)              scaled to size 8.0pt on input line 187.
LaTeX Font Info:    Font shape `T1/FiraSans-OsF/m/it' in size <6> not available

(Font)              Font shape `T1/FiraSans-OsF/regular/it' tried instead on in
put line 187.
LaTeX Font Info:    Font shape `T1/FiraSans-OsF/regular/it' will be
(Font)              scaled to size 6.0pt on input line 187.
LaTeX Font Info:    Font shape `T1/FiraSans-OsF/bx/it' in size <10.95> not avai
lable
(Font)              Font shape `T1/FiraSans-OsF/b/it' tried instead on input li
ne 187.
LaTeX Font Info:    Font shape `T1/FiraSans-OsF/b/it' in size <10.95> not avail
able
(Font)              Font shape `T1/FiraSans-OsF/bold/it' tried instead on input
 line 187.
LaTeX Font Info:    Font shape `T1/FiraSans-OsF/bold/it' will be
(Font)              scaled to size 10.95pt on input line 187.
LaTeX Font Info:    Font shape `T1/FiraSans-OsF/bx/it' in size <8> not availabl
e
(Font)              Font shape `T1/FiraSans-OsF/b/it' tried instead on input li
ne 187.
LaTeX Font Info:    Font shape `T1/FiraSans-OsF/b/it' in size <8> not available

(Font)              Font shape `T1/FiraSans-OsF/bold/it' tried instead on input
 line 187.
LaTeX Font Info:    Font shape `T1/FiraSans-OsF/bold/it' will be
(Font)              scaled to size 8.0pt on input line 187.
LaTeX Font Info:    Font shape `T1/FiraSans-OsF/bx/it' in size <6> not availabl
e
(Font)              Font shape `T1/FiraSans-OsF/b/it' tried instead on input li
ne 187.
LaTeX Font Info:    Font shape `T1/FiraSans-OsF/b/it' in size <6> not available

(Font)              Font shape `T1/FiraSans-OsF/bold/it' tried instead on input
 line 187.
LaTeX Font Info:    Font shape `T1/FiraSans-OsF/bold/it' will be
(Font)              scaled to size 6.0pt on input line 187.

Overfull \hbox (2.77718pt too wide) in paragraph at lines 187--187
 [] 
 []

[10

]
LaTeX Font Info:    Font shape `T1/FiraSans-OsF/b/n' in size <10> not available

(Font)              Font shape `T1/FiraSans-OsF/bold/n' tried instead on input 
line 204.
LaTeX Font Info:    Font shape `T1/FiraSans-OsF/bold/n' will be
(Font)              scaled to size 10.0pt on input line 204.
 [11

] [12

] [13

]
LaTeX Font Info:    Font shape `T1/FiraSans-OsF/m/it' in size <10> not availabl
e
(Font)              Font shape `T1/FiraSans-OsF/regular/it' tried instead on in
put line 275.
LaTeX Font Info:    Font shape `T1/FiraSans-OsF/regular/it' will be
(Font)              scaled to size 10.0pt on input line 275.
LaTeX Font Info:    Font shape `T1/FiraSans-OsF/m/it' in size <7> not available

(Font)              Font shape `T1/FiraSans-OsF/regular/it' tried instead on in
put line 275.
LaTeX Font Info:    Font shape `T1/FiraSans-OsF/regular/it' will be
(Font)              scaled to size 7.0pt on input line 275.
LaTeX Font Info:    Font shape `T1/FiraSans-OsF/m/it' in size <5> not available

(Font)              Font shape `T1/FiraSans-OsF/regular/it' tried instead on in
put line 275.
LaTeX Font Info:    Font shape `T1/FiraSans-OsF/regular/it' will be
(Font)              scaled to size 5.0pt on input line 275.
LaTeX Font Info:    Font shape `T1/FiraSans-OsF/bx/it' in size <10> not availab
le
(Font)              Font shape `T1/FiraSans-OsF/b/it' tried instead on input li
ne 275.
LaTeX Font Info:    Font shape `T1/FiraSans-OsF/b/it' in size <10> not availabl
e
(Font)              Font shape `T1/FiraSans-OsF/bold/it' tried instead on input
 line 275.
LaTeX Font Info:    Font shape `T1/FiraSans-OsF/bold/it' will be
(Font)              scaled to size 10.0pt on input line 275.
LaTeX Font Info:    Font shape `T1/FiraSans-OsF/bx/it' in size <7> not availabl
e
(Font)              Font shape `T1/FiraSans-OsF/b/it' tried instead on input li
ne 275.
LaTeX Font Info:    Font shape `T1/FiraSans-OsF/b/it' in size <7> not available

(Font)              Font shape `T1/FiraSans-OsF/bold/it' tried instead on input
 line 275.
LaTeX Font Info:    Font shape `T1/FiraSans-OsF/bold/it' will be
(Font)              scaled to size 7.0pt on input line 275.
LaTeX Font Info:    Font shape `T1/FiraSans-OsF/bx/it' in size <5> not availabl
e
(Font)              Font shape `T1/FiraSans-OsF/b/it' tried instead on input li
ne 275.
LaTeX Font Info:    Font shape `T1/FiraSans-OsF/b/it' in size <5> not available

(Font)              Font shape `T1/FiraSans-OsF/bold/it' tried instead on input
 line 275.
LaTeX Font Info:    Font shape `T1/FiraSans-OsF/bold/it' will be
(Font)              scaled to size 5.0pt on input line 275.
LaTeX Font Info:    Font shape `T1/FiraSans-OsF/m/n' in size <7> not available
(Font)              Font shape `T1/FiraSans-OsF/regular/n' tried instead on inp
ut line 275.
LaTeX Font Info:    Font shape `T1/FiraSans-OsF/regular/n' will be
(Font)              scaled to size 7.0pt on input line 275.
LaTeX Font Info:    Font shape `T1/FiraSans-OsF/m/n' in size <5> not available
(Font)              Font shape `T1/FiraSans-OsF/regular/n' tried instead on inp
ut line 275.
LaTeX Font Info:    Font shape `T1/FiraSans-OsF/regular/n' will be
(Font)              scaled to size 5.0pt on input line 275.
 [14

] [15

] [16

] [17

] [18

]
Overfull \hbox (9.70174pt too wide) in paragraph at lines 342--342
[][]  
 []

[19

]
Overfull \hbox (9.70174pt too wide) in paragraph at lines 362--362
[][]  
 []

[20

] [21

]
Overfull \hbox (9.70174pt too wide) in paragraph at lines 393--393
[][]  
 []

[22

]
Overfull \hbox (9.70174pt too wide) in paragraph at lines 410--410
[][]  
 []

[23

] [24

]
Overfull \vbox (18.59999pt too high) detected at line 424
 []

[25

] [26

] [27

] [28

] [29

]
Overfull \vbox (18.59999pt too high) detected at line 483
 []

[30

] [31

] [32

] [33

] [34

] [35

]
Overfull \vbox (18.59999pt too high) detected at line 572
 []

[36

] [37

] [38

] [39

]
Underfull \hbox (badness 10000) in paragraph at lines 615--615
 []|\T1/FiraSans-OsF/regular/sc/14.4 Leveraging un-su-per-vised rep-re-sen-ta-t
ion 
 []

[40

] [41

] [42

] [43

]
Overfull \vbox (18.59999pt too high) detected at line 658
 []

[44

] [45

]
Overfull \hbox (19.91666pt too wide) in paragraph at lines 707--707
 [] 
 []

[46

] [47

] [48

] [49

] [50

]
<../thesis_text/figure/concepts_arch2.png, id=441, 743.77875pt x 343.2825pt>
File: ../thesis_text/figure/concepts_arch2.png Graphic file (type png)
<use ../thesis_text/figure/concepts_arch2.png>
Package pdftex.def Info: ../thesis_text/figure/concepts_arch2.png  used on inpu
t line 754.
(pdftex.def)             Requested size: 257.21397pt x 118.71544pt.
 [51

 <../thesis_text/figure/concepts_arch2.png>]
[52

]
Overfull \vbox (18.59999pt too high) detected at line 776
 []

[53

] [54

] (../thesis_text/figure/pretrained_rl_vs_rl/BreakoutNoFrameskip.tex)
LaTeX Font Info:    Font shape `T1/FiraSans-OsF/m/n' in size <9> not available
(Font)              Font shape `T1/FiraSans-OsF/regular/n' tried instead on inp
ut line 804.
LaTeX Font Info:    Font shape `T1/FiraSans-OsF/regular/n' will be
(Font)              scaled to size 9.0pt on input line 804.
LaTeX Font Info:    Font shape `T1/FiraSans-OsF/b/n' in size <9> not available
(Font)              Font shape `T1/FiraSans-OsF/bold/n' tried instead on input 
line 804.
LaTeX Font Info:    Font shape `T1/FiraSans-OsF/bold/n' will be
(Font)              scaled to size 9.0pt on input line 804.

(../thesis_text/figure/pretrained_rl_vs_rl/EnduroNoFrameskip.tex)
(../thesis_text/figure/pretrained_rl_vs_rl/MsPacmanNoFrameskip.tex)
(../thesis_text/figure/pretrained_rl_vs_rl/PongNoFrameskip.tex)
Overfull \vbox (18.76643pt too high) detected at line 804
 []

[55

] (../thesis_text/figure/pretrained_rl_vs_rl/QbertNoFrameskip.tex)
(../thesis_text/figure/pretrained_rl_vs_rl/SeaquestNoFrameskip.tex)
(../thesis_text/figure/pretrained_rl_vs_rl/SpaceInvadersNoFrameskip.tex)
Overfull \vbox (18.21272pt too high) detected at line 818
 []

[56

] [57

] [58

] [59

]
LaTeX Font Info:    Trying to load font information for T1+FiraMono-TOsF on inp
ut line 852.

(/mnt/bigp/texlive/texcopy/texlive/2020/texmf-dist/tex/latex/fira/T1FiraMono-TO
sF.fd
File: T1FiraMono-TOsF.fd 2019/10/10 (autoinst) Font definitions for T1/FiraMono
-TOsF.
)
LaTeX Font Info:    Font shape `T1/FiraMono-TOsF/m/n' in size <10.95> not avail
able
(Font)              Font shape `T1/FiraMono-TOsF/regular/n' tried instead on in
put line 852.
LaTeX Font Info:    Font shape `T1/FiraMono-TOsF/regular/n' will be
(Font)              scaled to size 10.95pt on input line 852.
LaTeX Font Info:    Font shape `T1/FiraSans-OsF/m/it' in size <9> not available

(Font)              Font shape `T1/FiraSans-OsF/regular/it' tried instead on in
put line 852.
LaTeX Font Info:    Font shape `T1/FiraSans-OsF/regular/it' will be
(Font)              scaled to size 9.0pt on input line 852.
LaTeX Font Info:    Font shape `T1/FiraSans-OsF/bx/it' in size <9> not availabl
e
(Font)              Font shape `T1/FiraSans-OsF/b/it' tried instead on input li
ne 852.
LaTeX Font Info:    Font shape `T1/FiraSans-OsF/b/it' in size <9> not available

(Font)              Font shape `T1/FiraSans-OsF/bold/it' tried instead on input
 line 852.
LaTeX Font Info:    Font shape `T1/FiraSans-OsF/bold/it' will be
(Font)              scaled to size 9.0pt on input line 852.
LaTeX Font Info:    Font shape `T1/FiraMono-TOsF/m/n' in size <9> not available

(Font)              Font shape `T1/FiraMono-TOsF/regular/n' tried instead on in
put line 852.
LaTeX Font Info:    Font shape `T1/FiraMono-TOsF/regular/n' will be
(Font)              scaled to size 9.0pt on input line 852.
 [60

]
Overfull \vbox (18.59999pt too high) detected at line 855
 []

[61

] [62

] [63

] [64

]
<Images/placeholder.jpg, id=526, 351.3125pt x 193.72375pt>
File: Images/placeholder.jpg Graphic file (type jpg)
<use Images/placeholder.jpg>
Package pdftex.def Info: Images/placeholder.jpg  used on input line 884.
(pdftex.def)             Requested size: 160.75812pt x 88.6499pt.
 [65

 <./Images/placeholder.jpg>] [66

] [67

] [68

]
\tf@nav=\write7
\openout7 = `presentation.nav'.

\tf@toc=\write8
\openout8 = `presentation.toc'.

\tf@snm=\write9
\openout9 = `presentation.snm'.

Package atveryend Info: Empty hook `BeforeClearDocument' on input line 978.
Package atveryend Info: Empty hook `AfterLastShipout' on input line 978.

(./presentation.aux)
Package atveryend Info: Executing hook `AtVeryEndDocument' on input line 978.
Package atveryend Info: Executing hook `AtEndAfterFileList' on input line 978.
Package rerunfilecheck Info: File `presentation.out' has not changed.
(rerunfilecheck)             Checksum: 3ABA904FECC3E7483118942226FB8B31;456.
Package logreq Info: Writing requests to 'presentation.run.xml'.
\openout1 = `presentation.run.xml'.

 ) 
Here is how much of TeX's memory you used:
 44237 strings out of 480876
 1040137 string characters out of 5907582
 1791950 words of memory out of 5000000
 58786 multiletter control sequences out of 15000+600000
 1079118 words of font info for 146 fonts, out of 8000000 for 9000
 1141 hyphenation exceptions out of 8191
 71i,16n,118p,6771b,2139s stack positions out of 5000i,500n,10000p,200000b,80000s
pdfTeX warning (dest): name{cite.0@mnih2015humanlevel} has been referenced bu
t does not exist, replaced by a fixed one

pdfTeX warning (dest): name{cite.0@merckling2022exploratory} has been reference
d but does not exist, replaced by a fixed one

pdfTeX warning (dest): name{cite.0@schwarzer2020data} has been referenced but d
oes not exist, replaced by a fixed one

pdfTeX warning (dest): name{cite.0@grill2020bootstrap} has been referenced but 
does not exist, replaced by a fixed one

pdfTeX warning (dest): name{cite.0@invariantrepwithoutreconstruction} has been 
referenced but does not exist, replaced by a fixed one

pdfTeX warning (dest): name{cite.0@mazoure2020deep} has been referenced but doe
s not exist, replaced by a fixed one

pdfTeX warning (dest): name{cite.0@anand2019unsupervised} has been referenced b
ut does not exist, replaced by a fixed one

pdfTeX warning (dest): name{cite.0@rakelly2021mutual} has been referenced but d
oes not exist, replaced by a fixed one

pdfTeX warning (dest): name{cite.0@curl} has been referenced but does not exist
, replaced by a fixed one

pdfTeX warning (dest): name{cite.0@slac} has been referenced but does not exist
, replaced by a fixed one

pdfTeX warning (dest): name{cite.0@flow} has been referenced but does not exist
, replaced by a fixed one

pdfTeX warning (dest): name{cite.0@oh2015action} has been referenced but does n
ot exist, replaced by a fixed one

pdfTeX warning (dest): name{cite.0@sac+ae} has been referenced but does not exi
st, replaced by a fixed one

pdfTeX warning (dest): name{cite.0@lange2010deep} has been referenced but does 
not exist, replaced by a fixed one

pdfTeX warning (dest): name{cite.0@seo2022reinforcement} has been referenced bu
t does not exist, replaced by a fixed one

pdfTeX warning (dest): name{cite.0@rlwauxloss} has been referenced but does not
 exist, replaced by a fixed one

pdfTeX warning (dest): name{cite.0@lossisitsownreward} has been referenced but 
does not exist, replaced by a fixed one

pdfTeX warning (dest): name{cite.0@drqv2} has been referenced but does not exis
t, replaced by a fixed one

pdfTeX warning (dest): name{cite.0@drqv1} has been referenced but does not exis
t, replaced by a fixed one

pdfTeX warning (dest): name{cite.0@rad} has been referenced but does not exist,
 replaced by a fixed one

pdfTeX warning (dest): name{cite.0@agent57} has been referenced but does not ex
ist, replaced by a fixed one

pdfTeX warning (dest): name{cite.0@schrittwieser2020mastering} has been referen
ced but does not exist, replaced by a fixed one

pdfTeX warning (dest): name{cite.0@kapturowski2018recurrent} has been reference
d but does not exist, replaced by a fixed one

pdfTeX warning (dest): name{cite.0@andrychowicz2017hindsight} has been referenc
ed but does not exist, replaced by a fixed one

pdfTeX warning (dest): name{cite.0@ecoffet2021first} has been referenced but do
es not exist, replaced by a fixed one

pdfTeX warning (dest): name{cite.0@icm} has been referenced but does not exist,
 replaced by a fixed one

pdfTeX warning (dest): name{cite.0@rainbow} has been referenced but does not ex
ist, replaced by a fixed one

pdfTeX warning (dest): name{cite.0@mnih2013atari} has been referenced but does 
not exist, replaced by a fixed one

pdfTeX warning (dest): name{cite.0@ghosh2019variational} has been referenced bu
t does not exist, replaced by a fixed one

pdfTeX warning (dest): name{cite.0@bengio2013representation} has been reference
d but does not exist, replaced by a fixed one

{/mnt/bigp/texlive/texcopy/texlive/2020/texmf-dist/fonts/enc/dvips/fira/fir_d4q
673.enc}{/mnt/bigp/texlive/texcopy/texlive/2020/texmf-dist/fonts/enc/dvips/fira
/fir_iln36p.enc}{/mnt/bigp/texlive/texcopy/texlive/2020/texmf-dist/fonts/enc/dv
ips/fira/fir_2mfh3o.enc}</mnt/bigp/texlive/texcopy/texlive/2020/texmf-dist/font
s/type1/public/fira/FiraMono-Regular.pfb></mnt/bigp/texlive/texcopy/texlive/202
0/texmf-dist/fonts/type1/public/fira/FiraSans-Bold.pfb></mnt/bigp/texlive/texco
py/texlive/2020/texmf-dist/fonts/type1/public/fira/FiraSans-BoldItalic.pfb></mn
t/bigp/texlive/texcopy/texlive/2020/texmf-dist/fonts/type1/public/fira/FiraSans
-Italic.pfb></mnt/bigp/texlive/texcopy/texlive/2020/texmf-dist/fonts/type1/publ
ic/fira/FiraSans-Regular.pfb></mnt/bigp/texlive/texcopy/texlive/2020/texmf-dist
/fonts/type1/public/amsfonts/cmextra/cmbsy8.pfb></mnt/bigp/texlive/texcopy/texl
ive/2020/texmf-dist/fonts/type1/public/amsfonts/cm/cmex10.pfb></mnt/bigp/texliv
e/texcopy/texlive/2020/texmf-dist/fonts/type1/public/amsfonts/cm/cmmi10.pfb></m
nt/bigp/texlive/texcopy/texlive/2020/texmf-dist/fonts/type1/public/amsfonts/cm/
cmmi6.pfb></mnt/bigp/texlive/texcopy/texlive/2020/texmf-dist/fonts/type1/public
/amsfonts/cm/cmmi8.pfb></mnt/bigp/texlive/texcopy/texlive/2020/texmf-dist/fonts
/type1/public/amsfonts/cm/cmss10.pfb></mnt/bigp/texlive/texcopy/texlive/2020/te
xmf-dist/fonts/type1/public/amsfonts/cm/cmss8.pfb></mnt/bigp/texlive/texcopy/te
xlive/2020/texmf-dist/fonts/type1/public/amsfonts/cm/cmsy10.pfb></mnt/bigp/texl
ive/texcopy/texlive/2020/texmf-dist/fonts/type1/public/amsfonts/cm/cmsy6.pfb></
mnt/bigp/texlive/texcopy/texlive/2020/texmf-dist/fonts/type1/public/amsfonts/cm
/cmsy8.pfb></mnt/bigp/texlive/texcopy/texlive/2020/texmf-dist/fonts/type1/publi
c/amsfonts/symbols/msam10.pfb></mnt/bigp/texlive/texcopy/texlive/2020/texmf-dis
t/fonts/type1/public/amsfonts/symbols/msbm10.pfb>
Output written on presentation.pdf (68 pages, 1185370 bytes).
PDF statistics:
 652 PDF objects out of 1000 (max. 8388607)
 536 compressed objects within 6 object streams
 190 named destinations out of 1000 (max. 500000)
 130 words of extra memory for PDF output out of 10000 (max. 10000000)

