\BOOKMARK [0][-]{chapter*.3}{List of Figures}{}% 1
\BOOKMARK [0][-]{chapter*.4}{List of Tables}{}% 2
\BOOKMARK [0][-]{chapter.1}{Introduction}{}% 3
\BOOKMARK [0][-]{chapter.2}{Background}{}% 4
\BOOKMARK [1][-]{subsection.2.0.1}{Extension of DQN }{chapter.2}% 5
\BOOKMARK [2][-]{subsubsection.2.0.1.1}{Double Deep Q-networks: DDQN}{subsection.2.0.1}% 6
\BOOKMARK [3][-]{subsubsection.2.0.1.2}{Prioritized replay}{subsubsection.2.0.1.1}% 7
\BOOKMARK [3][-]{subsubsection.2.0.1.3}{Dueling Network}{subsubsection.2.0.1.1}% 8
\BOOKMARK [3][-]{subsubsection.2.0.1.4}{Multi-step learning}{subsubsection.2.0.1.1}% 9
\BOOKMARK [3][-]{subsubsection.2.0.1.5}{Noisy Nets}{subsubsection.2.0.1.1}% 10
\BOOKMARK [3][-]{subsubsection.2.0.1.6}{Integrated Agent:Rainbow}{subsubsection.2.0.1.1}% 11
\BOOKMARK [0][-]{chapter.3}{Methods }{}% 12
\BOOKMARK [1][-]{subsection.3.0.1}{Enviroment and Preprocessing}{chapter.3}% 13
\BOOKMARK [2][-]{subsection.3.0.2}{Deep Auto-encoder and Model Architecture}{subsection.3.0.1}% 14
\BOOKMARK [2][-]{subsection.3.0.3}{Training the RL Agent}{subsection.3.0.1}% 15
\BOOKMARK [0][-]{chapter.4}{Results}{}% 16
\BOOKMARK [1][-]{subsection.4.0.1}{Two Step Training}{chapter.4}% 17
\BOOKMARK [2][-]{subsection.4.0.2}{Parallel Training}{subsection.4.0.1}% 18
\BOOKMARK [0][-]{chapter.5}{Conclusion}{}% 19
\BOOKMARK [1][-]{section.5.1}{Discussion}{chapter.5}% 20
\BOOKMARK [1][-]{section.5.2}{Conclusion}{chapter.5}% 21
\BOOKMARK [0][-]{section.5.2}{Bibliography}{}% 22
\BOOKMARK [0][-]{appendix.A}{Appendix 1}{}% 23
