This is pdfTeX, Version 3.14159265-2.6-1.40.21 (TeX Live 2020) (preloaded format=pdflatex 2020.9.19)  14 MAY 2022 21:26
entering extended mode
 \write18 enabled.
 %&-line parsing enabled.
**/home/gospodar/home2/gospodar/chalmers/MASTER/RLmaster/RL_notes/rl_notes.tex
(/home/gospodar/home2/gospodar/chalmers/MASTER/RLmaster/RL_notes/rl_notes.tex
LaTeX2e <2020-02-02> patch level 5
L3 programming layer <2020-09-06>
(/mnt/bigp/texlive/texcopy/texlive/2020/texmf-dist/tex/latex/base/report.cls
Document Class: report 2019/12/20 v1.4l Standard LaTeX document class
(/mnt/bigp/texlive/texcopy/texlive/2020/texmf-dist/tex/latex/base/size10.clo
File: size10.clo 2019/12/20 v1.4l Standard LaTeX file (size option)
)
\c@part=\count168
\c@chapter=\count169
\c@section=\count170
\c@subsection=\count171
\c@subsubsection=\count172
\c@paragraph=\count173
\c@subparagraph=\count174
\c@figure=\count175
\c@table=\count176
\abovecaptionskip=\skip47
\belowcaptionskip=\skip48
\bibindent=\dimen134
)
(/mnt/bigp/texlive/texcopy/texlive/2020/texmf-dist/tex/latex/amsmath/amsmath.st
y
Package: amsmath 2020/01/20 v2.17e AMS math features
\@mathmargin=\skip49

For additional information on amsmath, use the `?' option.

(/mnt/bigp/texlive/texcopy/texlive/2020/texmf-dist/tex/latex/amsmath/amstext.st
y
Package: amstext 2000/06/29 v2.01 AMS text

(/mnt/bigp/texlive/texcopy/texlive/2020/texmf-dist/tex/latex/amsmath/amsgen.sty
File: amsgen.sty 1999/11/30 v2.0 generic functions
\@emptytoks=\toks15
\ex@=\dimen135
))
(/mnt/bigp/texlive/texcopy/texlive/2020/texmf-dist/tex/latex/amsmath/amsbsy.sty
Package: amsbsy 1999/11/29 v1.2d Bold Symbols
\pmbraise@=\dimen136
)
(/mnt/bigp/texlive/texcopy/texlive/2020/texmf-dist/tex/latex/amsmath/amsopn.sty
Package: amsopn 2016/03/08 v2.02 operator names
)
\inf@bad=\count177
LaTeX Info: Redefining \frac on input line 227.
\uproot@=\count178
\leftroot@=\count179
LaTeX Info: Redefining \overline on input line 389.
\classnum@=\count180
\DOTSCASE@=\count181
LaTeX Info: Redefining \ldots on input line 486.
LaTeX Info: Redefining \dots on input line 489.
LaTeX Info: Redefining \cdots on input line 610.
\Mathstrutbox@=\box45
\strutbox@=\box46
\big@size=\dimen137
LaTeX Font Info:    Redeclaring font encoding OML on input line 733.
LaTeX Font Info:    Redeclaring font encoding OMS on input line 734.
\macc@depth=\count182
\c@MaxMatrixCols=\count183
\dotsspace@=\muskip16
\c@parentequation=\count184
\dspbrk@lvl=\count185
\tag@help=\toks16
\row@=\count186
\column@=\count187
\maxfields@=\count188
\andhelp@=\toks17
\eqnshift@=\dimen138
\alignsep@=\dimen139
\tagshift@=\dimen140
\tagwidth@=\dimen141
\totwidth@=\dimen142
\lineht@=\dimen143
\@envbody=\toks18
\multlinegap=\skip50
\multlinetaggap=\skip51
\mathdisplay@stack=\toks19
LaTeX Info: Redefining \[ on input line 2859.
LaTeX Info: Redefining \] on input line 2860.
)
(/mnt/bigp/texlive/texcopy/texlive/2020/texmf-dist/tex/latex/amsfonts/amssymb.s
ty
Package: amssymb 2013/01/14 v3.01 AMS font symbols

(/mnt/bigp/texlive/texcopy/texlive/2020/texmf-dist/tex/latex/amsfonts/amsfonts.
sty
Package: amsfonts 2013/01/14 v3.01 Basic AMSFonts support
\symAMSa=\mathgroup4
\symAMSb=\mathgroup5
LaTeX Font Info:    Redeclaring math symbol \hbar on input line 98.
LaTeX Font Info:    Overwriting math alphabet `\mathfrak' in version `bold'
(Font)                  U/euf/m/n --> U/euf/b/n on input line 106.
))
(/mnt/bigp/texlive/texcopy/texlive/2020/texmf-dist/tex/latex/base/fontenc.sty
Package: fontenc 2020/02/11 v2.0o Standard LaTeX package
)
(/mnt/bigp/texlive/texcopy/texlive/2020/texmf-dist/tex/latex/tools/bm.sty
Package: bm 2019/07/24 v1.2d Bold Symbol Support (DPC/FMi)
\symboldoperators=\mathgroup6
\symboldletters=\mathgroup7
\symboldsymbols=\mathgroup8
LaTeX Font Info:    Redeclaring math alphabet \mathbf on input line 141.
LaTeX Info: Redefining \bm on input line 209.
)
(/mnt/bigp/texlive/texcopy/texlive/2020/texmf-dist/tex/latex/tools/array.sty
Package: array 2019/08/31 v2.4l Tabular extension package (FMi)
\col@sep=\dimen144
\ar@mcellbox=\box47
\extrarowheight=\dimen145
\NC@list=\toks20
\extratabsurround=\skip52
\backup@length=\skip53
\ar@cellbox=\box48
)
(/mnt/bigp/texlive/texcopy/texlive/2020/texmf-dist/tex/latex/graphics/graphicx.
sty
Package: graphicx 2019/11/30 v1.2a Enhanced LaTeX Graphics (DPC,SPQR)

(/mnt/bigp/texlive/texcopy/texlive/2020/texmf-dist/tex/latex/graphics/keyval.st
y
Package: keyval 2014/10/28 v1.15 key=value parser (DPC)
\KV@toks@=\toks21
)
(/mnt/bigp/texlive/texcopy/texlive/2020/texmf-dist/tex/latex/graphics/graphics.
sty
Package: graphics 2019/11/30 v1.4a Standard LaTeX Graphics (DPC,SPQR)

(/mnt/bigp/texlive/texcopy/texlive/2020/texmf-dist/tex/latex/graphics/trig.sty
Package: trig 2016/01/03 v1.10 sin cos tan (DPC)
)
(/mnt/bigp/texlive/texcopy/texlive/2020/texmf-dist/tex/latex/graphics-cfg/graph
ics.cfg
File: graphics.cfg 2016/06/04 v1.11 sample graphics configuration
)
Package graphics Info: Driver file: pdftex.def on input line 105.

(/mnt/bigp/texlive/texcopy/texlive/2020/texmf-dist/tex/latex/graphics-def/pdfte
x.def
File: pdftex.def 2020/08/26 v1.2 Graphics/color driver for pdftex
))
\Gin@req@height=\dimen146
\Gin@req@width=\dimen147
)
(/mnt/bigp/texlive/texcopy/texlive/2020/texmf-dist/tex/latex/base/inputenc.sty
Package: inputenc 2018/08/11 v1.3c Input encoding file
\inpenc@prehook=\toks22
\inpenc@posthook=\toks23
) (/mnt/bigp/texlive/texcopy/texlive/2020/texmf-dist/tex/latex/cancel/cancel.st
y
Package: cancel 2013/04/12 v2.2 Cancel math terms
)
(/mnt/bigp/texlive/texcopy/texlive/2020/texmf-dist/tex/latex/hyperref/hyperref.
sty
Package: hyperref 2020-05-15 v7.00e Hypertext links for LaTeX

(/mnt/bigp/texlive/texcopy/texlive/2020/texmf-dist/tex/generic/ltxcmds/ltxcmds.
sty
Package: ltxcmds 2019/12/15 v1.24 LaTeX kernel commands for general use (HO)
)
(/mnt/bigp/texlive/texcopy/texlive/2020/texmf-dist/tex/generic/iftex/iftex.sty
Package: iftex 2020/03/06 v1.0d TeX engine tests
)
(/mnt/bigp/texlive/texcopy/texlive/2020/texmf-dist/tex/generic/pdftexcmds/pdfte
xcmds.sty
Package: pdftexcmds 2020-06-27 v0.33 Utility functions of pdfTeX for LuaTeX (HO
)

(/mnt/bigp/texlive/texcopy/texlive/2020/texmf-dist/tex/generic/infwarerr/infwar
err.sty
Package: infwarerr 2019/12/03 v1.5 Providing info/warning/error messages (HO)
)
Package pdftexcmds Info: \pdf@primitive is available.
Package pdftexcmds Info: \pdf@ifprimitive is available.
Package pdftexcmds Info: \pdfdraftmode found.
)
(/mnt/bigp/texlive/texcopy/texlive/2020/texmf-dist/tex/generic/kvsetkeys/kvsetk
eys.sty
Package: kvsetkeys 2019/12/15 v1.18 Key value parser (HO)
)
(/mnt/bigp/texlive/texcopy/texlive/2020/texmf-dist/tex/generic/kvdefinekeys/kvd
efinekeys.sty
Package: kvdefinekeys 2019-12-19 v1.6 Define keys (HO)
)
(/mnt/bigp/texlive/texcopy/texlive/2020/texmf-dist/tex/generic/pdfescape/pdfesc
ape.sty
Package: pdfescape 2019/12/09 v1.15 Implements pdfTeX's escape features (HO)
)
(/mnt/bigp/texlive/texcopy/texlive/2020/texmf-dist/tex/latex/hycolor/hycolor.st
y
Package: hycolor 2020-01-27 v1.10 Color options for hyperref/bookmark (HO)
)
(/mnt/bigp/texlive/texcopy/texlive/2020/texmf-dist/tex/latex/letltxmacro/letltx
macro.sty
Package: letltxmacro 2019/12/03 v1.6 Let assignment for LaTeX macros (HO)
)
(/mnt/bigp/texlive/texcopy/texlive/2020/texmf-dist/tex/latex/auxhook/auxhook.st
y
Package: auxhook 2019-12-17 v1.6 Hooks for auxiliary files (HO)
)
(/mnt/bigp/texlive/texcopy/texlive/2020/texmf-dist/tex/latex/kvoptions/kvoption
s.sty
Package: kvoptions 2019/11/29 v3.13 Key value format for package options (HO)
)
\@linkdim=\dimen148
\Hy@linkcounter=\count189
\Hy@pagecounter=\count190

(/mnt/bigp/texlive/texcopy/texlive/2020/texmf-dist/tex/latex/hyperref/pd1enc.de
f
File: pd1enc.def 2020-05-15 v7.00e Hyperref: PDFDocEncoding definition (HO)
Now handling font encoding PD1 ...
... no UTF-8 mapping file for font encoding PD1
)
(/mnt/bigp/texlive/texcopy/texlive/2020/texmf-dist/tex/generic/intcalc/intcalc.
sty
Package: intcalc 2019/12/15 v1.3 Expandable calculations with integers (HO)
)
(/mnt/bigp/texlive/texcopy/texlive/2020/texmf-dist/tex/generic/etexcmds/etexcmd
s.sty
Package: etexcmds 2019/12/15 v1.7 Avoid name clashes with e-TeX commands (HO)
)
\Hy@SavedSpaceFactor=\count191
Package hyperref Info: Hyper figures OFF on input line 4464.
Package hyperref Info: Link nesting OFF on input line 4469.
Package hyperref Info: Hyper index ON on input line 4472.
Package hyperref Info: Plain pages OFF on input line 4479.
Package hyperref Info: Backreferencing OFF on input line 4484.
Package hyperref Info: Implicit mode ON; LaTeX internals redefined.
Package hyperref Info: Bookmarks ON on input line 4717.
\c@Hy@tempcnt=\count192
 (/mnt/bigp/texlive/texcopy/texlive/2020/texmf-dist/tex/latex/url/url.sty
\Urlmuskip=\muskip17
Package: url 2013/09/16  ver 3.4  Verb mode for urls, etc.
)
LaTeX Info: Redefining \url on input line 5076.
\XeTeXLinkMargin=\dimen149

(/mnt/bigp/texlive/texcopy/texlive/2020/texmf-dist/tex/generic/bitset/bitset.st
y
Package: bitset 2019/12/09 v1.3 Handle bit-vector datatype (HO)

(/mnt/bigp/texlive/texcopy/texlive/2020/texmf-dist/tex/generic/bigintcalc/bigin
tcalc.sty
Package: bigintcalc 2019/12/15 v1.5 Expandable calculations on big integers (HO
)
))
\Fld@menulength=\count193
\Field@Width=\dimen150
\Fld@charsize=\dimen151
Package hyperref Info: Hyper figures OFF on input line 6347.
Package hyperref Info: Link nesting OFF on input line 6352.
Package hyperref Info: Hyper index ON on input line 6355.
Package hyperref Info: backreferencing OFF on input line 6362.
Package hyperref Info: Link coloring OFF on input line 6367.
Package hyperref Info: Link coloring with OCG OFF on input line 6372.
Package hyperref Info: PDF/A mode OFF on input line 6377.
LaTeX Info: Redefining \ref on input line 6417.
LaTeX Info: Redefining \pageref on input line 6421.

(/mnt/bigp/texlive/texcopy/texlive/2020/texmf-dist/tex/generic/atbegshi/atbegsh
i.sty
Package: atbegshi 2019/12/05 v1.19 At begin shipout hook (HO)
)
\Hy@abspage=\count194
\c@Item=\count195
\c@Hfootnote=\count196
)
Package hyperref Info: Driver (autodetected): hpdftex.

(/mnt/bigp/texlive/texcopy/texlive/2020/texmf-dist/tex/latex/hyperref/hpdftex.d
ef
File: hpdftex.def 2020-05-15 v7.00e Hyperref driver for pdfTeX

(/mnt/bigp/texlive/texcopy/texlive/2020/texmf-dist/tex/latex/atveryend/atveryen
d.sty
Package: atveryend 2019-12-11 v1.11 Hooks at the very end of document (HO)
Package atveryend Info: \enddocument detected (standard20110627).
)
\Fld@listcount=\count197
\c@bookmark@seq@number=\count198

(/mnt/bigp/texlive/texcopy/texlive/2020/texmf-dist/tex/latex/rerunfilecheck/rer
unfilecheck.sty
Package: rerunfilecheck 2019/12/05 v1.9 Rerun checks for auxiliary files (HO)

(/mnt/bigp/texlive/texcopy/texlive/2020/texmf-dist/tex/generic/uniquecounter/un
iquecounter.sty
Package: uniquecounter 2019/12/15 v1.4 Provide unlimited unique counter (HO)
)
Package uniquecounter Info: New unique counter `rerunfilecheck' on input line 2
86.
)
\Hy@SectionHShift=\skip54
)
(/mnt/bigp/texlive/texcopy/texlive/2020/texmf-dist/tex/latex/pgf/frontendlayer/
tikz.sty
(/mnt/bigp/texlive/texcopy/texlive/2020/texmf-dist/tex/latex/pgf/basiclayer/pgf
.sty
(/mnt/bigp/texlive/texcopy/texlive/2020/texmf-dist/tex/latex/pgf/utilities/pgfr
cs.sty
(/mnt/bigp/texlive/texcopy/texlive/2020/texmf-dist/tex/generic/pgf/utilities/pg
futil-common.tex
\pgfutil@everybye=\toks24
\pgfutil@tempdima=\dimen152
\pgfutil@tempdimb=\dimen153

(/mnt/bigp/texlive/texcopy/texlive/2020/texmf-dist/tex/generic/pgf/utilities/pg
futil-common-lists.tex))
(/mnt/bigp/texlive/texcopy/texlive/2020/texmf-dist/tex/generic/pgf/utilities/pg
futil-latex.def
\pgfutil@abb=\box49

(/mnt/bigp/texlive/texcopy/texlive/2020/texmf-dist/tex/latex/ms/everyshi.sty
Package: everyshi 2001/05/15 v3.00 EveryShipout Package (MS)
))
(/mnt/bigp/texlive/texcopy/texlive/2020/texmf-dist/tex/generic/pgf/utilities/pg
frcs.code.tex
(/mnt/bigp/texlive/texcopy/texlive/2020/texmf-dist/tex/generic/pgf/pgf.revision
.tex)
Package: pgfrcs 2020/01/08 v3.1.5b (3.1.5b)
))
Package: pgf 2020/01/08 v3.1.5b (3.1.5b)

(/mnt/bigp/texlive/texcopy/texlive/2020/texmf-dist/tex/latex/pgf/basiclayer/pgf
core.sty
(/mnt/bigp/texlive/texcopy/texlive/2020/texmf-dist/tex/latex/pgf/systemlayer/pg
fsys.sty
(/mnt/bigp/texlive/texcopy/texlive/2020/texmf-dist/tex/generic/pgf/systemlayer/
pgfsys.code.tex
Package: pgfsys 2020/01/08 v3.1.5b (3.1.5b)

(/mnt/bigp/texlive/texcopy/texlive/2020/texmf-dist/tex/generic/pgf/utilities/pg
fkeys.code.tex
\pgfkeys@pathtoks=\toks25
\pgfkeys@temptoks=\toks26

(/mnt/bigp/texlive/texcopy/texlive/2020/texmf-dist/tex/generic/pgf/utilities/pg
fkeysfiltered.code.tex
\pgfkeys@tmptoks=\toks27
))
\pgf@x=\dimen154
\pgf@y=\dimen155
\pgf@xa=\dimen156
\pgf@ya=\dimen157
\pgf@xb=\dimen158
\pgf@yb=\dimen159
\pgf@xc=\dimen160
\pgf@yc=\dimen161
\pgf@xd=\dimen162
\pgf@yd=\dimen163
\w@pgf@writea=\write3
\r@pgf@reada=\read2
\c@pgf@counta=\count199
\c@pgf@countb=\count266
\c@pgf@countc=\count267
\c@pgf@countd=\count268
\t@pgf@toka=\toks28
\t@pgf@tokb=\toks29
\t@pgf@tokc=\toks30
\pgf@sys@id@count=\count269

(/mnt/bigp/texlive/texcopy/texlive/2020/texmf-dist/tex/generic/pgf/systemlayer/
pgf.cfg
File: pgf.cfg 2020/01/08 v3.1.5b (3.1.5b)
)
Driver file for pgf: pgfsys-pdftex.def

(/mnt/bigp/texlive/texcopy/texlive/2020/texmf-dist/tex/generic/pgf/systemlayer/
pgfsys-pdftex.def
File: pgfsys-pdftex.def 2020/01/08 v3.1.5b (3.1.5b)

(/mnt/bigp/texlive/texcopy/texlive/2020/texmf-dist/tex/generic/pgf/systemlayer/
pgfsys-common-pdf.def
File: pgfsys-common-pdf.def 2020/01/08 v3.1.5b (3.1.5b)
)))
(/mnt/bigp/texlive/texcopy/texlive/2020/texmf-dist/tex/generic/pgf/systemlayer/
pgfsyssoftpath.code.tex
File: pgfsyssoftpath.code.tex 2020/01/08 v3.1.5b (3.1.5b)
\pgfsyssoftpath@smallbuffer@items=\count270
\pgfsyssoftpath@bigbuffer@items=\count271
)
(/mnt/bigp/texlive/texcopy/texlive/2020/texmf-dist/tex/generic/pgf/systemlayer/
pgfsysprotocol.code.tex
File: pgfsysprotocol.code.tex 2020/01/08 v3.1.5b (3.1.5b)
))
(/mnt/bigp/texlive/texcopy/texlive/2020/texmf-dist/tex/latex/xcolor/xcolor.sty
Package: xcolor 2016/05/11 v2.12 LaTeX color extensions (UK)

(/mnt/bigp/texlive/texcopy/texlive/2020/texmf-dist/tex/latex/graphics-cfg/color
.cfg
File: color.cfg 2016/01/02 v1.6 sample color configuration
)
Package xcolor Info: Driver file: pdftex.def on input line 225.
Package xcolor Info: Model `cmy' substituted by `cmy0' on input line 1348.
Package xcolor Info: Model `hsb' substituted by `rgb' on input line 1352.
Package xcolor Info: Model `RGB' extended on input line 1364.
Package xcolor Info: Model `HTML' substituted by `rgb' on input line 1366.
Package xcolor Info: Model `Hsb' substituted by `hsb' on input line 1367.
Package xcolor Info: Model `tHsb' substituted by `hsb' on input line 1368.
Package xcolor Info: Model `HSB' substituted by `hsb' on input line 1369.
Package xcolor Info: Model `Gray' substituted by `gray' on input line 1370.
Package xcolor Info: Model `wave' substituted by `hsb' on input line 1371.
)
(/mnt/bigp/texlive/texcopy/texlive/2020/texmf-dist/tex/generic/pgf/basiclayer/p
gfcore.code.tex
Package: pgfcore 2020/01/08 v3.1.5b (3.1.5b)

(/mnt/bigp/texlive/texcopy/texlive/2020/texmf-dist/tex/generic/pgf/math/pgfmath
.code.tex
(/mnt/bigp/texlive/texcopy/texlive/2020/texmf-dist/tex/generic/pgf/math/pgfmath
calc.code.tex
(/mnt/bigp/texlive/texcopy/texlive/2020/texmf-dist/tex/generic/pgf/math/pgfmath
util.code.tex)
(/mnt/bigp/texlive/texcopy/texlive/2020/texmf-dist/tex/generic/pgf/math/pgfmath
parser.code.tex
\pgfmath@dimen=\dimen164
\pgfmath@count=\count272
\pgfmath@box=\box50
\pgfmath@toks=\toks31
\pgfmath@stack@operand=\toks32
\pgfmath@stack@operation=\toks33
)
(/mnt/bigp/texlive/texcopy/texlive/2020/texmf-dist/tex/generic/pgf/math/pgfmath
functions.code.tex
(/mnt/bigp/texlive/texcopy/texlive/2020/texmf-dist/tex/generic/pgf/math/pgfmath
functions.basic.code.tex)
(/mnt/bigp/texlive/texcopy/texlive/2020/texmf-dist/tex/generic/pgf/math/pgfmath
functions.trigonometric.code.tex)
(/mnt/bigp/texlive/texcopy/texlive/2020/texmf-dist/tex/generic/pgf/math/pgfmath
functions.random.code.tex)
(/mnt/bigp/texlive/texcopy/texlive/2020/texmf-dist/tex/generic/pgf/math/pgfmath
functions.comparison.code.tex)
(/mnt/bigp/texlive/texcopy/texlive/2020/texmf-dist/tex/generic/pgf/math/pgfmath
functions.base.code.tex)
(/mnt/bigp/texlive/texcopy/texlive/2020/texmf-dist/tex/generic/pgf/math/pgfmath
functions.round.code.tex)
(/mnt/bigp/texlive/texcopy/texlive/2020/texmf-dist/tex/generic/pgf/math/pgfmath
functions.misc.code.tex)
(/mnt/bigp/texlive/texcopy/texlive/2020/texmf-dist/tex/generic/pgf/math/pgfmath
functions.integerarithmetics.code.tex)))
(/mnt/bigp/texlive/texcopy/texlive/2020/texmf-dist/tex/generic/pgf/math/pgfmath
float.code.tex
\c@pgfmathroundto@lastzeros=\count273
))
(/mnt/bigp/texlive/texcopy/texlive/2020/texmf-dist/tex/generic/pgf/math/pgfint.
code.tex)
(/mnt/bigp/texlive/texcopy/texlive/2020/texmf-dist/tex/generic/pgf/basiclayer/p
gfcorepoints.code.tex
File: pgfcorepoints.code.tex 2020/01/08 v3.1.5b (3.1.5b)
\pgf@picminx=\dimen165
\pgf@picmaxx=\dimen166
\pgf@picminy=\dimen167
\pgf@picmaxy=\dimen168
\pgf@pathminx=\dimen169
\pgf@pathmaxx=\dimen170
\pgf@pathminy=\dimen171
\pgf@pathmaxy=\dimen172
\pgf@xx=\dimen173
\pgf@xy=\dimen174
\pgf@yx=\dimen175
\pgf@yy=\dimen176
\pgf@zx=\dimen177
\pgf@zy=\dimen178
)
(/mnt/bigp/texlive/texcopy/texlive/2020/texmf-dist/tex/generic/pgf/basiclayer/p
gfcorepathconstruct.code.tex
File: pgfcorepathconstruct.code.tex 2020/01/08 v3.1.5b (3.1.5b)
\pgf@path@lastx=\dimen179
\pgf@path@lasty=\dimen180
)
(/mnt/bigp/texlive/texcopy/texlive/2020/texmf-dist/tex/generic/pgf/basiclayer/p
gfcorepathusage.code.tex
File: pgfcorepathusage.code.tex 2020/01/08 v3.1.5b (3.1.5b)
\pgf@shorten@end@additional=\dimen181
\pgf@shorten@start@additional=\dimen182
)
(/mnt/bigp/texlive/texcopy/texlive/2020/texmf-dist/tex/generic/pgf/basiclayer/p
gfcorescopes.code.tex
File: pgfcorescopes.code.tex 2020/01/08 v3.1.5b (3.1.5b)
\pgfpic=\box51
\pgf@hbox=\box52
\pgf@layerbox@main=\box53
\pgf@picture@serial@count=\count274
)
(/mnt/bigp/texlive/texcopy/texlive/2020/texmf-dist/tex/generic/pgf/basiclayer/p
gfcoregraphicstate.code.tex
File: pgfcoregraphicstate.code.tex 2020/01/08 v3.1.5b (3.1.5b)
\pgflinewidth=\dimen183
)
(/mnt/bigp/texlive/texcopy/texlive/2020/texmf-dist/tex/generic/pgf/basiclayer/p
gfcoretransformations.code.tex
File: pgfcoretransformations.code.tex 2020/01/08 v3.1.5b (3.1.5b)
\pgf@pt@x=\dimen184
\pgf@pt@y=\dimen185
\pgf@pt@temp=\dimen186
)
(/mnt/bigp/texlive/texcopy/texlive/2020/texmf-dist/tex/generic/pgf/basiclayer/p
gfcorequick.code.tex
File: pgfcorequick.code.tex 2020/01/08 v3.1.5b (3.1.5b)
)
(/mnt/bigp/texlive/texcopy/texlive/2020/texmf-dist/tex/generic/pgf/basiclayer/p
gfcoreobjects.code.tex
File: pgfcoreobjects.code.tex 2020/01/08 v3.1.5b (3.1.5b)
)
(/mnt/bigp/texlive/texcopy/texlive/2020/texmf-dist/tex/generic/pgf/basiclayer/p
gfcorepathprocessing.code.tex
File: pgfcorepathprocessing.code.tex 2020/01/08 v3.1.5b (3.1.5b)
)
(/mnt/bigp/texlive/texcopy/texlive/2020/texmf-dist/tex/generic/pgf/basiclayer/p
gfcorearrows.code.tex
File: pgfcorearrows.code.tex 2020/01/08 v3.1.5b (3.1.5b)
\pgfarrowsep=\dimen187
)
(/mnt/bigp/texlive/texcopy/texlive/2020/texmf-dist/tex/generic/pgf/basiclayer/p
gfcoreshade.code.tex
File: pgfcoreshade.code.tex 2020/01/08 v3.1.5b (3.1.5b)
\pgf@max=\dimen188
\pgf@sys@shading@range@num=\count275
\pgf@shadingcount=\count276
)
(/mnt/bigp/texlive/texcopy/texlive/2020/texmf-dist/tex/generic/pgf/basiclayer/p
gfcoreimage.code.tex
File: pgfcoreimage.code.tex 2020/01/08 v3.1.5b (3.1.5b)

(/mnt/bigp/texlive/texcopy/texlive/2020/texmf-dist/tex/generic/pgf/basiclayer/p
gfcoreexternal.code.tex
File: pgfcoreexternal.code.tex 2020/01/08 v3.1.5b (3.1.5b)
\pgfexternal@startupbox=\box54
))
(/mnt/bigp/texlive/texcopy/texlive/2020/texmf-dist/tex/generic/pgf/basiclayer/p
gfcorelayers.code.tex
File: pgfcorelayers.code.tex 2020/01/08 v3.1.5b (3.1.5b)
)
(/mnt/bigp/texlive/texcopy/texlive/2020/texmf-dist/tex/generic/pgf/basiclayer/p
gfcoretransparency.code.tex
File: pgfcoretransparency.code.tex 2020/01/08 v3.1.5b (3.1.5b)
)
(/mnt/bigp/texlive/texcopy/texlive/2020/texmf-dist/tex/generic/pgf/basiclayer/p
gfcorepatterns.code.tex
File: pgfcorepatterns.code.tex 2020/01/08 v3.1.5b (3.1.5b)
)
(/mnt/bigp/texlive/texcopy/texlive/2020/texmf-dist/tex/generic/pgf/basiclayer/p
gfcorerdf.code.tex
File: pgfcorerdf.code.tex 2020/01/08 v3.1.5b (3.1.5b)
)))
(/mnt/bigp/texlive/texcopy/texlive/2020/texmf-dist/tex/generic/pgf/modules/pgfm
oduleshapes.code.tex
File: pgfmoduleshapes.code.tex 2020/01/08 v3.1.5b (3.1.5b)
\pgfnodeparttextbox=\box55
)
(/mnt/bigp/texlive/texcopy/texlive/2020/texmf-dist/tex/generic/pgf/modules/pgfm
oduleplot.code.tex
File: pgfmoduleplot.code.tex 2020/01/08 v3.1.5b (3.1.5b)
)
(/mnt/bigp/texlive/texcopy/texlive/2020/texmf-dist/tex/latex/pgf/compatibility/
pgfcomp-version-0-65.sty
Package: pgfcomp-version-0-65 2020/01/08 v3.1.5b (3.1.5b)
\pgf@nodesepstart=\dimen189
\pgf@nodesepend=\dimen190
)
(/mnt/bigp/texlive/texcopy/texlive/2020/texmf-dist/tex/latex/pgf/compatibility/
pgfcomp-version-1-18.sty
Package: pgfcomp-version-1-18 2020/01/08 v3.1.5b (3.1.5b)
))
(/mnt/bigp/texlive/texcopy/texlive/2020/texmf-dist/tex/latex/pgf/utilities/pgff
or.sty
(/mnt/bigp/texlive/texcopy/texlive/2020/texmf-dist/tex/latex/pgf/utilities/pgfk
eys.sty
(/mnt/bigp/texlive/texcopy/texlive/2020/texmf-dist/tex/generic/pgf/utilities/pg
fkeys.code.tex))
(/mnt/bigp/texlive/texcopy/texlive/2020/texmf-dist/tex/latex/pgf/math/pgfmath.s
ty
(/mnt/bigp/texlive/texcopy/texlive/2020/texmf-dist/tex/generic/pgf/math/pgfmath
.code.tex))
(/mnt/bigp/texlive/texcopy/texlive/2020/texmf-dist/tex/generic/pgf/utilities/pg
ffor.code.tex
Package: pgffor 2020/01/08 v3.1.5b (3.1.5b)

(/mnt/bigp/texlive/texcopy/texlive/2020/texmf-dist/tex/generic/pgf/math/pgfmath
.code.tex)
\pgffor@iter=\dimen191
\pgffor@skip=\dimen192
\pgffor@stack=\toks34
\pgffor@toks=\toks35
))
(/mnt/bigp/texlive/texcopy/texlive/2020/texmf-dist/tex/generic/pgf/frontendlaye
r/tikz/tikz.code.tex
Package: tikz 2020/01/08 v3.1.5b (3.1.5b)

(/mnt/bigp/texlive/texcopy/texlive/2020/texmf-dist/tex/generic/pgf/libraries/pg
flibraryplothandlers.code.tex
File: pgflibraryplothandlers.code.tex 2020/01/08 v3.1.5b (3.1.5b)
\pgf@plot@mark@count=\count277
\pgfplotmarksize=\dimen193
)
\tikz@lastx=\dimen194
\tikz@lasty=\dimen195
\tikz@lastxsaved=\dimen196
\tikz@lastysaved=\dimen197
\tikz@lastmovetox=\dimen198
\tikz@lastmovetoy=\dimen199
\tikzleveldistance=\dimen256
\tikzsiblingdistance=\dimen257
\tikz@figbox=\box56
\tikz@figbox@bg=\box57
\tikz@tempbox=\box58
\tikz@tempbox@bg=\box59
\tikztreelevel=\count278
\tikznumberofchildren=\count279
\tikznumberofcurrentchild=\count280
\tikz@fig@count=\count281

(/mnt/bigp/texlive/texcopy/texlive/2020/texmf-dist/tex/generic/pgf/modules/pgfm
odulematrix.code.tex
File: pgfmodulematrix.code.tex 2020/01/08 v3.1.5b (3.1.5b)
\pgfmatrixcurrentrow=\count282
\pgfmatrixcurrentcolumn=\count283
\pgf@matrix@numberofcolumns=\count284
)
\tikz@expandcount=\count285

(/mnt/bigp/texlive/texcopy/texlive/2020/texmf-dist/tex/generic/pgf/frontendlaye
r/tikz/libraries/tikzlibrarytopaths.code.tex
File: tikzlibrarytopaths.code.tex 2020/01/08 v3.1.5b (3.1.5b)
)))
(/mnt/bigp/texlive/texcopy/texlive/2020/texmf-dist/tex/generic/pgf/libraries/pg
flibraryarrows.meta.code.tex
File: pgflibraryarrows.meta.code.tex 2020/01/08 v3.1.5b (3.1.5b)
\pgfarrowinset=\dimen258
\pgfarrowlength=\dimen259
\pgfarrowwidth=\dimen260
\pgfarrowlinewidth=\dimen261
)
(/mnt/bigp/texlive/texcopy/texlive/2020/texmf-dist/tex/generic/pgf/frontendlaye
r/tikz/libraries/tikzlibraryshapes.geometric.code.tex
File: tikzlibraryshapes.geometric.code.tex 2020/01/08 v3.1.5b (3.1.5b)

(/mnt/bigp/texlive/texcopy/texlive/2020/texmf-dist/tex/generic/pgf/libraries/sh
apes/pgflibraryshapes.geometric.code.tex
File: pgflibraryshapes.geometric.code.tex 2020/01/08 v3.1.5b (3.1.5b)
))
(/mnt/bigp/texlive/texcopy/texlive/2020/texmf-dist/tex/generic/pgf/frontendlaye
r/tikz/libraries/tikzlibraryarrows.code.tex
File: tikzlibraryarrows.code.tex 2020/01/08 v3.1.5b (3.1.5b)

(/mnt/bigp/texlive/texcopy/texlive/2020/texmf-dist/tex/generic/pgf/libraries/pg
flibraryarrows.code.tex
File: pgflibraryarrows.code.tex 2020/01/08 v3.1.5b (3.1.5b)
\arrowsize=\dimen262
))
(/mnt/bigp/texlive/texcopy/texlive/2020/texmf-dist/tex/generic/pgf/frontendlaye
r/tikz/libraries/tikzlibrarypositioning.code.tex
File: tikzlibrarypositioning.code.tex 2020/01/08 v3.1.5b (3.1.5b)
)
(/mnt/bigp/texlive/texcopy/texlive/2020/texmf-dist/tex/latex/l3backend/l3backen
d-pdftex.def
File: l3backend-pdftex.def 2020-09-11 L3 backend support: PDF output (pdfTeX)
\l__kernel_color_stack_int=\count286
\l__pdf_internal_box=\box60
) (./rl_notes.aux

LaTeX Warning: Label `fig:' multiply defined.

)
\openout1 = `rl_notes.aux'.

LaTeX Font Info:    Checking defaults for OML/cmm/m/it on input line 36.
LaTeX Font Info:    ... okay on input line 36.
LaTeX Font Info:    Checking defaults for OMS/cmsy/m/n on input line 36.
LaTeX Font Info:    ... okay on input line 36.
LaTeX Font Info:    Checking defaults for OT1/cmr/m/n on input line 36.
LaTeX Font Info:    ... okay on input line 36.
LaTeX Font Info:    Checking defaults for T1/cmr/m/n on input line 36.
LaTeX Font Info:    ... okay on input line 36.
LaTeX Font Info:    Checking defaults for TS1/cmr/m/n on input line 36.
LaTeX Font Info:    ... okay on input line 36.
LaTeX Font Info:    Checking defaults for OMX/cmex/m/n on input line 36.
LaTeX Font Info:    ... okay on input line 36.
LaTeX Font Info:    Checking defaults for U/cmr/m/n on input line 36.
LaTeX Font Info:    ... okay on input line 36.
LaTeX Font Info:    Checking defaults for PD1/pdf/m/n on input line 36.
LaTeX Font Info:    ... okay on input line 36.

(/mnt/bigp/texlive/texcopy/texlive/2020/texmf-dist/tex/context/base/mkii/supp-p
df.mkii
[Loading MPS to PDF converter (version 2006.09.02).]
\scratchcounter=\count287
\scratchdimen=\dimen263
\scratchbox=\box61
\nofMPsegments=\count288
\nofMParguments=\count289
\everyMPshowfont=\toks36
\MPscratchCnt=\count290
\MPscratchDim=\dimen264
\MPnumerator=\count291
\makeMPintoPDFobject=\count292
\everyMPtoPDFconversion=\toks37
)
(/mnt/bigp/texlive/texcopy/texlive/2020/texmf-dist/tex/latex/epstopdf-pkg/epsto
pdf-base.sty
Package: epstopdf-base 2020-01-24 v2.11 Base part for package epstopdf
Package epstopdf-base Info: Redefining graphics rule for `.eps' on input line 4
85.

(/mnt/bigp/texlive/texcopy/texlive/2020/texmf-dist/tex/latex/latexconfig/epstop
df-sys.cfg
File: epstopdf-sys.cfg 2010/07/13 v1.3 Configuration of (r)epstopdf for TeX Liv
e
))
\AtBeginShipoutBox=\box62
Package hyperref Info: Link coloring OFF on input line 36.

(/mnt/bigp/texlive/texcopy/texlive/2020/texmf-dist/tex/latex/hyperref/nameref.s
ty
Package: nameref 2019/09/16 v2.46 Cross-referencing by name of section

(/mnt/bigp/texlive/texcopy/texlive/2020/texmf-dist/tex/latex/refcount/refcount.
sty
Package: refcount 2019/12/15 v3.6 Data extraction from label references (HO)
)
(/mnt/bigp/texlive/texcopy/texlive/2020/texmf-dist/tex/generic/gettitlestring/g
ettitlestring.sty
Package: gettitlestring 2019/12/15 v1.6 Cleanup title references (HO)
)
\c@section@level=\count293
)
LaTeX Info: Redefining \ref on input line 36.
LaTeX Info: Redefining \pageref on input line 36.
LaTeX Info: Redefining \nameref on input line 36.
 (./rl_notes.out) (./rl_notes.out)
\@outlinefile=\write4
\openout4 = `rl_notes.out'.


ABD: EveryShipout initializing macros
LaTeX Font Info:    Trying to load font information for U+msa on input line 39.


(/mnt/bigp/texlive/texcopy/texlive/2020/texmf-dist/tex/latex/amsfonts/umsa.fd
File: umsa.fd 2013/01/14 v3.01 AMS symbols A
)
LaTeX Font Info:    Trying to load font information for U+msb on input line 39.


(/mnt/bigp/texlive/texcopy/texlive/2020/texmf-dist/tex/latex/amsfonts/umsb.fd
File: umsb.fd 2013/01/14 v3.01 AMS symbols B
)
[1

{/mnt/bigp/texlive/texcopy/texlive/2020/texmf-var/fonts/map/pdftex/updmap/pdfte
x.map}] (./rl_notes.toc [1

]
Overfull \hbox (3.22052pt too wide) in paragraph at lines 82--82
 [][] [][]\T1/cmr/m/n/10 Nonlinear case: dif-fer-en-tial dy-namic pro-gram-ming
 (DDP)/ 
 []

[2] [3])
\tf@toc=\write5
\openout5 = `rl_notes.toc'.

 [4]
Chapter 1.
[5

] [6]
Chapter 2.
[7

]
Chapter 3.
[8

] [9]
Overfull \hbox (72.46606pt too wide) detected at line 232
[]
 []

[10] [11]
Chapter 4.
[12

]
Overfull \hbox (25.1325pt too wide) in paragraph at lines 396--397
[][] 
 []

[13] [14]
Overfull \hbox (22.98045pt too wide) detected at line 491
[]
 []

[15] [16]
Overfull \hbox (86.2568pt too wide) detected at line 572
[]
 []

[17] [18] [19]
Chapter 5.
[20

] [21] [22] [23] [24] [25] [26]
Overfull \hbox (104.80907pt too wide) detected at line 962
[]\OMS/cmsy/m/n/10 r[]\OML/cmm/m/it/10 J\OT1/cmr/m/n/10 (\OML/cmm/m/it/10 ^^R\O
T1/cmr/m/n/10 ) \OMS/cmsy/m/n/10 ^^Y [] [] [] r[] [] \OML/cmm/m/it/10 ^^Y[]\OT1
/cmr/m/n/10 (\OML/cmm/b/it/10 a[]\OMS/cmsy/m/n/10 j\OML/cmm/b/it/10 s[]\OT1/cmr
/m/n/10 ) [] + [] [] [] \OMS/cmsy/m/n/10 r[]\OML/cmm/m/it/10 E[] []
 []

[27] [28]
Chapter 6.

Package hyperref Warning: Difference (2) between bookmark levels is greater 
(hyperref)                than one, level fixed on input line 1014.

[29

] [30] [31] [32] [33] [34]
Chapter 7.

Package hyperref Warning: Difference (2) between bookmark levels is greater 
(hyperref)                than one, level fixed on input line 1282.

[35

] [36] [37] [38] [39] [40]
Chapter 8.
[41

]

Package hyperref Warning: Difference (2) between bookmark levels is greater 
(hyperref)                than one, level fixed on input line 1533.


Overfull \hbox (28.8059pt too wide) detected at line 1582
[]\OML/cmm/m/it/10 E[] [] []  \OT1/cmr/m/n/10 = \OML/cmm/m/it/10 E[] []
 []

[42]
Overfull \hbox (38.91605pt too wide) detected at line 1625
[]
 []

[43] [44] [45]
Overfull \hbox (22.20895pt too wide) detected at line 1848
[]\OMS/cmsy/m/n/10 r[][]\OT1/cmr/m/n/10 (\OML/cmm/m/it/10 ^^R[]\OT1/cmr/m/n/10 
) = [] \OML/cmm/m/it/10 E[] []
 []


Overfull \hbox (18.64445pt too wide) detected at line 1861
[]\OMS/cmsy/m/n/10 r[][]\OT1/cmr/m/n/10 (\OML/cmm/m/it/10 ^^R[]\OT1/cmr/m/n/10 
) = [] \OML/cmm/m/it/10 E[] [] \OT1/cmr/m/n/10 = \OMS/cmsy/m/n/10 r[]\OML/cmm/m
/it/10 J\OT1/cmr/m/n/10 (\OML/cmm/m/it/10 ^^R\OT1/cmr/m/n/10 )
 []

[46] [47]
Chapter 9.

Package hyperref Warning: Difference (2) between bookmark levels is greater 
(hyperref)                than one, level fixed on input line 1955.

[48

] [49] [50] [51]
Overfull \hbox (39.67233pt too wide) detected at line 2136
[]\OML/cmm/m/it/10 Q\OT1/cmr/m/n/10 (\OML/cmm/b/it/10 x[]\OML/cmm/m/it/10 ; \OM
L/cmm/b/it/10 u[]\OT1/cmr/m/n/10 ) = [] + [] [][] \OML/cmm/b/it/10 C[] [] \OT1/
cmr/m/n/10 + [][] \OML/cmm/b/it/10 c[] \OT1/cmr/m/n/10 + \OML/cmm/m/it/10 V\OT1
/cmr/m/n/10 (\OML/cmm/m/it/10 f\OT1/cmr/m/n/10 (\OML/cmm/b/it/10 x[]\OML/cmm/m/
it/10 ; \OML/cmm/b/it/10 u[]\OT1/cmr/m/n/10 ))
 []

[52] [53]
Overfull \hbox (50.11205pt too wide) detected at line 2237
[]
 []

[54] [55] [56]
Chapter 10.
[57

] [58] [59] [60]
Overfull \hbox (28.32248pt too wide) detected at line 2525
[]\OML/cmm/m/it/10 J\OT1/cmr/m/n/10 (\OML/cmm/b/it/10 a[]\OML/cmm/m/it/10 ; [] 
; \OML/cmm/b/it/10 a[]\OT1/cmr/m/n/10 ) = [] [] [] \OML/cmm/m/it/10 r\OT1/cmr/m
/n/10 (\OML/cmm/b/it/10 s[]\OML/cmm/m/it/10 ; \OML/cmm/b/it/10 a[]\OT1/cmr/m/n/
10 )\OML/cmm/m/it/10 ; []\OML/cmm/b/it/10 s[] \OT1/cmr/m/n/10 = []
 []


Overfull \hbox (5.76776pt too wide) in paragraph at lines 2537--2537
[]\T1/cmr/bx/n/14.4 Model-based re-in-force-ment learn-ing with im-
 []

[61]
Overfull \hbox (19.05202pt too wide) detected at line 2569
[] [] [] [] [] \OML/cmm/m/it/10 E[] []
 []


Overfull \hbox (41.0987pt too wide) detected at line 2605
[] [] [] [] [] [] \OT1/cmr/m/n/10 + [] + []
 []

[62] [63]
Chapter 11.

Overfull \hbox (20.52324pt too wide) in paragraph at lines 2669--2670
 [] 
 []

[64

]

Package hyperref Warning: Difference (2) between bookmark levels is greater 
(hyperref)                than one, level fixed on input line 2687.

[65] [66] [67]
Chapter 12.

Package hyperref Warning: Difference (2) between bookmark levels is greater 
(hyperref)                than one, level fixed on input line 2772.

[68

]
Overfull \hbox (8.19519pt too wide) in paragraph at lines 2813--2820
[]\T1/cmr/m/n/10 This is used in a Russo & Van Roy pa-per ``Learn-ing to op-ti-
mize via information-
 []

[69] [70] [71] [72] [73]
Chapter 13.
[74

]

Package hyperref Warning: Difference (2) between bookmark levels is greater 
(hyperref)                than one, level fixed on input line 3057.

[75] [76]
Chapter 14.

Overfull \hbox (38.65361pt too wide) in paragraph at lines 3155--3160
[]\T1/cmr/m/n/10 Let's talk about off-policy eval-u-a-tion. Given $\OMS/cmsy/m/
n/10 D$\T1/cmr/m/n/10 , es-ti-mate $\OML/cmm/m/it/10 J\OT1/cmr/m/n/10 (\OML/cmm
/m/it/10 ^^Y\OT1/cmr/m/n/10 ) = \OML/cmm/m/it/10 E[] []$\T1/cmr/m/n/10 .
 []

[77

]

Package hyperref Warning: Difference (2) between bookmark levels is greater 
(hyperref)                than one, level fixed on input line 3178.

[78] [79]
Overfull \hbox (71.15213pt too wide) detected at line 3293
[]\OMS/cmsy/m/n/10 r[]\OML/cmm/m/it/10 J\OT1/cmr/m/n/10 (\OML/cmm/m/it/10 ^^R\O
T1/cmr/m/n/10 ) \OMS/cmsy/m/n/10 ^^Y [] [] [] [] r[]\OML/cmm/m/it/10 ^^M[] [] ^
^Y[]\OT1/cmr/m/n/10 (\OML/cmm/b/it/10 a[]\OMS/cmsy/m/n/10 j\OML/cmm/b/it/10 s[]
\OT1/cmr/m/n/10 ) [] [](\OML/cmm/b/it/10 s[]\OML/cmm/m/it/10 ; \OML/cmm/b/it/10
 a[]\OT1/cmr/m/n/10 )
 []


Overfull \hbox (1.05779pt too wide) in paragraph at lines 3308--3310
[]\T1/cmr/m/n/10 Let's talk about the other prob-lem-atic term. One way to es-t
i-mate $[]\OT1/cmr/m/n/10 (\OML/cmm/b/it/10 s[]\OML/cmm/m/it/10 ; \OML/cmm/b/it
/10 a[]\OT1/cmr/m/n/10 )$
 []

[80] [81] [82]
Chapter 15.
[83

] [84] [85]
Overfull \hbox (14.00633pt too wide) detected at line 3574
[]\OML/cmm/m/it/10 V\OT1/cmr/m/n/10 (\OML/cmm/b/it/10 s[]\OT1/cmr/m/n/10 ) = []
 [][] []([](\OML/cmm/b/it/10 s[]\OML/cmm/m/it/10 ; \OML/cmm/b/it/10 a[]\OT1/cmr
/m/n/10 ))\OML/cmm/b/it/10 a[]  \OMS/cmsy/m/n/10 ([])  \OML/cmm/m/it/10 V\OT1/c
mr/m/n/10 (\OML/cmm/b/it/10 s[]\OT1/cmr/m/n/10 ) = [] [][] [](\OML/cmm/m/it/10 
Q\OT1/cmr/m/n/10 (\OML/cmm/b/it/10 s[]\OML/cmm/m/it/10 ; \OML/cmm/b/it/10 a[]\O
T1/cmr/m/n/10 ) + [] \OML/cmm/m/it/10 p\OT1/cmr/m/n/10 (\OML/cmm/b/it/10 a[]\OM
S/cmsy/m/n/10 j\OML/cmm/b/it/10 s[]\OT1/cmr/m/n/10 ))\OML/cmm/b/it/10 a[]
 []

[86]
Overfull \hbox (11.4879pt too wide) detected at line 3627
[]
 []

[87]
Overfull \hbox (73.30766pt too wide) detected at line 3633
[]\OML/cmm/m/it/10 p\OT1/cmr/m/n/10 (\OML/cmm/b/it/10 a[]\OMS/cmsy/m/n/10 j\OML
/cmm/b/it/10 s[]\OML/cmm/m/it/10 ; \OMS/cmsy/m/n/10 O[]\OT1/cmr/m/n/10 )\OML/cm
m/m/it/10 p\OT1/cmr/m/n/10 (\OML/cmm/b/it/10 s[]\OMS/cmsy/m/n/10 jO[]\OT1/cmr/m
/n/10 ) = [][]
 []

[88] [89] [90]
Overfull \hbox (40.36357pt too wide) detected at line 3848
[]\OML/cmm/m/it/10 E[] [] \OT1/cmr/m/n/10 = \OML/cmm/m/it/10 E[] []
 []


Overfull \hbox (137.47238pt too wide) detected at line 3865
[]
 []

[91] [92]
Overfull \hbox (65.85571pt too wide) in paragraph at lines 3927--3933
\T1/cmr/m/n/10 ition is that the pol-icy $\OML/cmm/m/it/10 ^^Y\OT1/cmr/m/n/10 (
\OML/cmm/b/it/10 a[]\OMS/cmsy/m/n/10 j\OML/cmm/b/it/10 s[]\OT1/cmr/m/n/10 ) \OM
S/cmsy/m/n/10 / []\OT1/cmr/m/n/10 (\OML/cmm/m/it/10 Q[]\OT1/cmr/m/n/10 (\OML/cm
m/b/it/10 s[]\OML/cmm/m/it/10 ; \OML/cmm/b/it/10 a[]\OT1/cmr/m/n/10 ))$ \T1/cmr
/m/n/10 when $\OML/cmm/m/it/10 ^^Y$ \T1/cmr/m/n/10 min-i-mizes $\OML/cmm/m/it/1
0 D[]\OT1/cmr/m/n/10 (\OML/cmm/m/it/10 ^^Y\OT1/cmr/m/n/10 (\OML/cmm/b/it/10 a[]
\OMS/cmsy/m/n/10 j\OML/cmm/b/it/10 s[]\OT1/cmr/m/n/10 )\OMS/cmsy/m/n/10 jj[] []
\OT1/cmr/m/n/10 (\OML/cmm/m/it/10 Q\OT1/cmr/m/n/10 (\OML/cmm/b/it/10 s[]\OML/cm
m/m/it/10 ; \OML/cmm/b/it/10 a[]\OT1/cmr/m/n/10 )))$
 []


Overfull \hbox (49.63167pt too wide) detected at line 3939
[]\OML/cmm/m/it/10 J\OT1/cmr/m/n/10 (\OML/cmm/m/it/10 ^^R\OT1/cmr/m/n/10 ) = []
 \OML/cmm/m/it/10 E[] [] \OT1/cmr/m/n/10 + [] = [] \OML/cmm/m/it/10 E[] []
 []


Overfull \hbox (84.57678pt too wide) detected at line 3947
[]
 []


Overfull \hbox (31.7829pt too wide) detected at line 3956
[] \OMS/cmsy/m/n/10 ^^Y [] [] [] [] []
 []

[93] [94]
Chapter 16.

Package hyperref Warning: Difference (2) between bookmark levels is greater 
(hyperref)                than one, level fixed on input line 3996.

[95

]
Overfull \hbox (7.6657pt too wide) in paragraph at lines 4013--4027
 [][] 
 []


Overfull \hbox (15.7865pt too wide) in paragraph at lines 4061--4064
[]\T1/cmr/m/n/10 In our graph-i-cal model with op-ti-mal-ity prob-a-bil-i-ties 
$\OML/cmm/m/it/10 p\OT1/cmr/m/n/10 (\OMS/cmsy/m/n/10 Oj\OML/cmm/b/it/10 s[]\OML
/cmm/m/it/10 ; \OML/cmm/b/it/10 a[]\OT1/cmr/m/n/10 ) = [](\OML/cmm/m/it/10 r\OT
1/cmr/m/n/10 (\OML/cmm/b/it/10 s[]\OML/cmm/m/it/10 ; \OML/cmm/b/it/10 a[]\OT1/c
mr/m/n/10 ))$\T1/cmr/m/n/10 ,
 []

[96] [97] [98]
Overfull \hbox (57.28552pt too wide) in paragraph at lines 4203--4205
[]\T1/cmr/m/n/10 evaluate $\OMS/cmsy/m/n/10 r[]L \OT1/cmr/m/n/10 = [] [][] [][]
 \OMS/cmsy/m/n/10 r[]\OML/cmm/m/it/10 r[]\OT1/cmr/m/n/10 (\OML/cmm/b/it/10 s[]\
OML/cmm/m/it/10 ; \OML/cmm/b/it/10 a[]\OT1/cmr/m/n/10 ) \OMS/cmsy/m/n/10 ^^@ []
[] [] [] \OML/cmm/m/it/10 ^^V[]\OT1/cmr/m/n/10 (\OML/cmm/b/it/10 s[]\OML/cmm/m/
it/10 ; \OML/cmm/b/it/10 a[]\OT1/cmr/m/n/10 )\OMS/cmsy/m/n/10 r[]\OML/cmm/m/it/
10 r[]\OT1/cmr/m/n/10 (\OML/cmm/b/it/10 s[]\OML/cmm/m/it/10 ; \OML/cmm/b/it/10 
a[]\OT1/cmr/m/n/10 )\OML/cmm/m/it/10 d\OML/cmm/b/it/10 s[]\OML/cmm/m/it/10 d\OM
L/cmm/b/it/10 a[]$ 
 []

[99] [100] [101]
Chapter 17.
[102

] [103] [104] [105] [106] [107]
Package atveryend Info: Empty hook `BeforeClearDocument' on input line 4569.
Package atveryend Info: Empty hook `AfterLastShipout' on input line 4569.
 (./rl_notes.aux)
Package atveryend Info: Executing hook `AtVeryEndDocument' on input line 4569.
Package atveryend Info: Executing hook `AtEndAfterFileList' on input line 4569.

Package rerunfilecheck Info: File `rl_notes.out' has not changed.
(rerunfilecheck)             Checksum: B7573494639ABB22396321C455A9B38A;10881.


LaTeX Warning: There were multiply-defined labels.

Package atveryend Info: Empty hook `AtVeryVeryEnd' on input line 4569.
 ) 
Here is how much of TeX's memory you used:
 19838 strings out of 480876
 379188 string characters out of 5907582
 609944 words of memory out of 5000000
 34127 multiletter control sequences out of 15000+600000
 560137 words of font info for 91 fonts, out of 8000000 for 9000
 1141 hyphenation exceptions out of 8191
 60i,25n,65p,481b,937s stack positions out of 5000i,500n,10000p,200000b,80000s
{/mnt/bigp/texlive/texcopy/texlive/2020/texmf-dist/fonts/enc/dvips/cm-super/c
m-super-t1.enc}{/mnt/bigp/texlive/texcopy/texlive/2020/texmf-dist/fonts/enc/dvi
ps/cm-super/cm-super-ts1.enc}</mnt/bigp/texlive/texcopy/texlive/2020/texmf-dist
/fonts/type1/public/amsfonts/cmextra/cmbsy7.pfb></mnt/bigp/texlive/texcopy/texl
ive/2020/texmf-dist/fonts/type1/public/amsfonts/cm/cmbx7.pfb></mnt/bigp/texlive
/texcopy/texlive/2020/texmf-dist/fonts/type1/public/amsfonts/cm/cmex10.pfb></mn
t/bigp/texlive/texcopy/texlive/2020/texmf-dist/fonts/type1/public/amsfonts/cmex
tra/cmex7.pfb></mnt/bigp/texlive/texcopy/texlive/2020/texmf-dist/fonts/type1/pu
blic/amsfonts/cm/cmmi10.pfb></mnt/bigp/texlive/texcopy/texlive/2020/texmf-dist/
fonts/type1/public/amsfonts/cm/cmmi5.pfb></mnt/bigp/texlive/texcopy/texlive/202
0/texmf-dist/fonts/type1/public/amsfonts/cm/cmmi7.pfb></mnt/bigp/texlive/texcop
y/texlive/2020/texmf-dist/fonts/type1/public/amsfonts/cm/cmmib10.pfb></mnt/bigp
/texlive/texcopy/texlive/2020/texmf-dist/fonts/type1/public/amsfonts/cmextra/cm
mib5.pfb></mnt/bigp/texlive/texcopy/texlive/2020/texmf-dist/fonts/type1/public/
amsfonts/cmextra/cmmib7.pfb></mnt/bigp/texlive/texcopy/texlive/2020/texmf-dist/
fonts/type1/public/amsfonts/cm/cmr10.pfb></mnt/bigp/texlive/texcopy/texlive/202
0/texmf-dist/fonts/type1/public/amsfonts/cm/cmr5.pfb></mnt/bigp/texlive/texcopy
/texlive/2020/texmf-dist/fonts/type1/public/amsfonts/cm/cmr7.pfb></mnt/bigp/tex
live/texcopy/texlive/2020/texmf-dist/fonts/type1/public/amsfonts/cm/cmsy10.pfb>
</mnt/bigp/texlive/texcopy/texlive/2020/texmf-dist/fonts/type1/public/amsfonts/
cm/cmsy5.pfb></mnt/bigp/texlive/texcopy/texlive/2020/texmf-dist/fonts/type1/pub
lic/amsfonts/cm/cmsy7.pfb></mnt/bigp/texlive/texcopy/texlive/2020/texmf-dist/fo
nts/type1/public/amsfonts/latxfont/line10.pfb></mnt/bigp/texlive/texcopy/texliv
e/2020/texmf-dist/fonts/type1/public/amsfonts/symbols/msbm10.pfb></mnt/bigp/tex
live/texcopy/texlive/2020/texmf-dist/fonts/type1/public/cm-super/sfbx1000.pfb><
/mnt/bigp/texlive/texcopy/texlive/2020/texmf-dist/fonts/type1/public/cm-super/s
fbx1200.pfb></mnt/bigp/texlive/texcopy/texlive/2020/texmf-dist/fonts/type1/publ
ic/cm-super/sfbx1440.pfb></mnt/bigp/texlive/texcopy/texlive/2020/texmf-dist/fon
ts/type1/public/cm-super/sfbx2074.pfb></mnt/bigp/texlive/texcopy/texlive/2020/t
exmf-dist/fonts/type1/public/cm-super/sfbx2488.pfb></mnt/bigp/texlive/texcopy/t
exlive/2020/texmf-dist/fonts/type1/public/cm-super/sfrm0500.pfb></mnt/bigp/texl
ive/texcopy/texlive/2020/texmf-dist/fonts/type1/public/cm-super/sfrm0700.pfb></
mnt/bigp/texlive/texcopy/texlive/2020/texmf-dist/fonts/type1/public/cm-super/sf
rm0800.pfb></mnt/bigp/texlive/texcopy/texlive/2020/texmf-dist/fonts/type1/publi
c/cm-super/sfrm1000.pfb></mnt/bigp/texlive/texcopy/texlive/2020/texmf-dist/font
s/type1/public/cm-super/sfrm1200.pfb></mnt/bigp/texlive/texcopy/texlive/2020/te
xmf-dist/fonts/type1/public/cm-super/sfrm1728.pfb></mnt/bigp/texlive/texcopy/te
xlive/2020/texmf-dist/fonts/type1/public/cm-super/sfti0700.pfb></mnt/bigp/texli
ve/texcopy/texlive/2020/texmf-dist/fonts/type1/public/cm-super/sfti1000.pfb>
Output written on rl_notes.pdf (108 pages, 751093 bytes).
PDF statistics:
 2197 PDF objects out of 2487 (max. 8388607)
 2035 compressed objects within 21 object streams
 943 named destinations out of 1000 (max. 500000)
 1117 words of extra memory for PDF output out of 10000 (max. 10000000)

