This is pdfTeX, Version 3.14159265-2.6-1.40.21 (TeX Live 2020) (preloaded format=pdflatex 2020.9.19)  21 AUG 2022 16:41
entering extended mode
 \write18 enabled.
 %&-line parsing enabled.
**/home/gospodar/chalmers/MASTER/RLmaster/thesis_text/Main.tex
(/home/gospodar/chalmers/MASTER/RLmaster/thesis_text/Main.tex
LaTeX2e <2020-02-02> patch level 5
L3 programming layer <2020-09-06>
(/mnt/bigp/texlive/texcopy/texlive/2020/texmf-dist/tex/latex/base/report.cls
Document Class: report 2019/12/20 v1.4l Standard LaTeX document class
(/mnt/bigp/texlive/texcopy/texlive/2020/texmf-dist/tex/latex/base/size12.clo
File: size12.clo 2019/12/20 v1.4l Standard LaTeX file (size option)
)
\c@part=\count168
\c@chapter=\count169
\c@section=\count170
\c@subsection=\count171
\c@subsubsection=\count172
\c@paragraph=\count173
\c@subparagraph=\count174
\c@figure=\count175
\c@table=\count176
\abovecaptionskip=\skip47
\belowcaptionskip=\skip48
\bibindent=\dimen134
)

! LaTeX Error: File `include/settings/Settings.tex' not found.

Type X to quit or <RETURN> to proceed,
or enter new name. (Default extension: tex)

Enter file name: 
! Emergency stop.
<read *> 
         
l.8 \input{include/settings/Settings}
                                     ^^M
End of file on the terminal!

 
Here is how much of TeX's memory you used:
 235 strings out of 480876
 2939 string characters out of 5907582
 243537 words of memory out of 5000000
 15950 multiletter control sequences out of 15000+600000
 535386 words of font info for 30 fonts, out of 8000000 for 9000
 1141 hyphenation exceptions out of 8191
 24i,0n,25p,206b,36s stack positions out of 5000i,500n,10000p,200000b,80000s
!  ==> Fatal error occurred, no output PDF file produced!
