This is pdfTeX, Version 3.14159265-2.6-1.40.21 (TeX Live 2020) (preloaded format=pdflatex 2020.9.19)  6 JUN 2022 23:05
entering extended mode
 \write18 enabled.
 %&-line parsing enabled.
**Background.tex
(./Background.tex
LaTeX2e <2020-02-02> patch level 5
L3 programming layer <2020-09-06>
! Undefined control sequence.
l.2 \chapter
            {Background}
? 
! Emergency stop.
l.2 \chapter
            {Background}
End of file on the terminal!

 
Here is how much of TeX's memory you used:
 16 strings out of 480876
 394 string characters out of 5907582
 243537 words of memory out of 5000000
 15744 multiletter control sequences out of 15000+600000
 535088 words of font info for 29 fonts, out of 8000000 for 9000
 1141 hyphenation exceptions out of 8191
 12i,0n,15p,76b,8s stack positions out of 5000i,500n,10000p,200000b,80000s
!  ==> Fatal error occurred, no output PDF file produced!
