This is pdfTeX, Version 3.14159265-2.6-1.40.21 (TeX Live 2020) (preloaded format=pdflatex 2020.9.19)  9 MAR 2022 22:48
entering extended mode
 restricted \write18 enabled.
 %&-line parsing enabled.
**rl_notes.tex
(./rl_notes.tex
LaTeX2e <2020-02-02> patch level 5
L3 programming layer <2020-09-06>
(/mnt/ubuntu/usr/local/texlive/2020/texmf-dist/tex/latex/base/report.cls
Document Class: report 2019/12/20 v1.4l Standard LaTeX document class
(/mnt/ubuntu/usr/local/texlive/2020/texmf-dist/tex/latex/base/size10.clo
File: size10.clo 2019/12/20 v1.4l Standard LaTeX file (size option)
)
\c@part=\count168
\c@chapter=\count169
\c@section=\count170
\c@subsection=\count171
\c@subsubsection=\count172
\c@paragraph=\count173
\c@subparagraph=\count174
\c@figure=\count175
\c@table=\count176
\abovecaptionskip=\skip47
\belowcaptionskip=\skip48
\bibindent=\dimen134
)
(/mnt/ubuntu/usr/local/texlive/2020/texmf-dist/tex/latex/amsmath/amsmath.sty
Package: amsmath 2020/01/20 v2.17e AMS math features
\@mathmargin=\skip49

For additional information on amsmath, use the `?' option.
(/mnt/ubuntu/usr/local/texlive/2020/texmf-dist/tex/latex/amsmath/amstext.sty
Package: amstext 2000/06/29 v2.01 AMS text

(/mnt/ubuntu/usr/local/texlive/2020/texmf-dist/tex/latex/amsmath/amsgen.sty
File: amsgen.sty 1999/11/30 v2.0 generic functions
\@emptytoks=\toks15
\ex@=\dimen135
))
(/mnt/ubuntu/usr/local/texlive/2020/texmf-dist/tex/latex/amsmath/amsbsy.sty
Package: amsbsy 1999/11/29 v1.2d Bold Symbols
\pmbraise@=\dimen136
)
(/mnt/ubuntu/usr/local/texlive/2020/texmf-dist/tex/latex/amsmath/amsopn.sty
Package: amsopn 2016/03/08 v2.02 operator names
)
\inf@bad=\count177
LaTeX Info: Redefining \frac on input line 227.
\uproot@=\count178
\leftroot@=\count179
LaTeX Info: Redefining \overline on input line 389.
\classnum@=\count180
\DOTSCASE@=\count181
LaTeX Info: Redefining \ldots on input line 486.
LaTeX Info: Redefining \dots on input line 489.
LaTeX Info: Redefining \cdots on input line 610.
\Mathstrutbox@=\box45
\strutbox@=\box46
\big@size=\dimen137
LaTeX Font Info:    Redeclaring font encoding OML on input line 733.
LaTeX Font Info:    Redeclaring font encoding OMS on input line 734.
\macc@depth=\count182
\c@MaxMatrixCols=\count183
\dotsspace@=\muskip16
\c@parentequation=\count184
\dspbrk@lvl=\count185
\tag@help=\toks16
\row@=\count186
\column@=\count187
\maxfields@=\count188
\andhelp@=\toks17
\eqnshift@=\dimen138
\alignsep@=\dimen139
\tagshift@=\dimen140
\tagwidth@=\dimen141
\totwidth@=\dimen142
\lineht@=\dimen143
\@envbody=\toks18
\multlinegap=\skip50
\multlinetaggap=\skip51
\mathdisplay@stack=\toks19
LaTeX Info: Redefining \[ on input line 2859.
LaTeX Info: Redefining \] on input line 2860.
)
(/mnt/ubuntu/usr/local/texlive/2020/texmf-dist/tex/latex/amsfonts/amssymb.sty
Package: amssymb 2013/01/14 v3.01 AMS font symbols

(/mnt/ubuntu/usr/local/texlive/2020/texmf-dist/tex/latex/amsfonts/amsfonts.sty
Package: amsfonts 2013/01/14 v3.01 Basic AMSFonts support
\symAMSa=\mathgroup4
\symAMSb=\mathgroup5
LaTeX Font Info:    Redeclaring math symbol \hbar on input line 98.
LaTeX Font Info:    Overwriting math alphabet `\mathfrak' in version `bold'
(Font)                  U/euf/m/n --> U/euf/b/n on input line 106.
)) (/mnt/ubuntu/usr/local/texlive/2020/texmf-dist/tex/latex/base/fontenc.sty
Package: fontenc 2020/02/11 v2.0o Standard LaTeX package
)
(/mnt/ubuntu/usr/local/texlive/2020/texmf-dist/tex/latex/tools/bm.sty
Package: bm 2019/07/24 v1.2d Bold Symbol Support (DPC/FMi)
\symboldoperators=\mathgroup6
\symboldletters=\mathgroup7
\symboldsymbols=\mathgroup8
LaTeX Font Info:    Redeclaring math alphabet \mathbf on input line 141.
LaTeX Info: Redefining \bm on input line 209.
)
(/mnt/ubuntu/usr/local/texlive/2020/texmf-dist/tex/latex/tools/array.sty
Package: array 2019/08/31 v2.4l Tabular extension package (FMi)
\col@sep=\dimen144
\ar@mcellbox=\box47
\extrarowheight=\dimen145
\NC@list=\toks20
\extratabsurround=\skip52
\backup@length=\skip53
\ar@cellbox=\box48
)
(/mnt/ubuntu/usr/local/texlive/2020/texmf-dist/tex/latex/graphics/graphicx.sty
Package: graphicx 2019/11/30 v1.2a Enhanced LaTeX Graphics (DPC,SPQR)

(/mnt/ubuntu/usr/local/texlive/2020/texmf-dist/tex/latex/graphics/keyval.sty
Package: keyval 2014/10/28 v1.15 key=value parser (DPC)
\KV@toks@=\toks21
)
(/mnt/ubuntu/usr/local/texlive/2020/texmf-dist/tex/latex/graphics/graphics.sty
Package: graphics 2019/11/30 v1.4a Standard LaTeX Graphics (DPC,SPQR)

(/mnt/ubuntu/usr/local/texlive/2020/texmf-dist/tex/latex/graphics/trig.sty
Package: trig 2016/01/03 v1.10 sin cos tan (DPC)
)
(/mnt/ubuntu/usr/local/texlive/2020/texmf-dist/tex/latex/graphics-cfg/graphics.
cfg
File: graphics.cfg 2016/06/04 v1.11 sample graphics configuration
)
Package graphics Info: Driver file: pdftex.def on input line 105.

(/mnt/ubuntu/usr/local/texlive/2020/texmf-dist/tex/latex/graphics-def/pdftex.de
f
File: pdftex.def 2020/08/26 v1.2 Graphics/color driver for pdftex
))
\Gin@req@height=\dimen146
\Gin@req@width=\dimen147
) (/mnt/ubuntu/usr/local/texlive/2020/texmf-dist/tex/latex/base/inputenc.sty
Package: inputenc 2018/08/11 v1.3c Input encoding file
\inpenc@prehook=\toks22
\inpenc@posthook=\toks23
) (/mnt/ubuntu/usr/local/texlive/2020/texmf-dist/tex/latex/cancel/cancel.sty
Package: cancel 2013/04/12 v2.2 Cancel math terms
)
(/mnt/ubuntu/usr/local/texlive/2020/texmf-dist/tex/latex/l3backend/l3backend-pd
ftex.def
File: l3backend-pdftex.def 2020-09-11 L3 backend support: PDF output (pdfTeX)
\l__kernel_color_stack_int=\count189
\l__pdf_internal_box=\box49
) (./rl_notes.aux)
\openout1 = `rl_notes.aux'.

LaTeX Font Info:    Checking defaults for OML/cmm/m/it on input line 20.
LaTeX Font Info:    ... okay on input line 20.
LaTeX Font Info:    Checking defaults for OMS/cmsy/m/n on input line 20.
LaTeX Font Info:    ... okay on input line 20.
LaTeX Font Info:    Checking defaults for OT1/cmr/m/n on input line 20.
LaTeX Font Info:    ... okay on input line 20.
LaTeX Font Info:    Checking defaults for T1/cmr/m/n on input line 20.
LaTeX Font Info:    ... okay on input line 20.
LaTeX Font Info:    Checking defaults for TS1/cmr/m/n on input line 20.
LaTeX Font Info:    ... okay on input line 20.
LaTeX Font Info:    Checking defaults for OMX/cmex/m/n on input line 20.
LaTeX Font Info:    ... okay on input line 20.
LaTeX Font Info:    Checking defaults for U/cmr/m/n on input line 20.
LaTeX Font Info:    ... okay on input line 20.

(/mnt/ubuntu/usr/local/texlive/2020/texmf-dist/tex/context/base/mkii/supp-pdf.m
kii
[Loading MPS to PDF converter (version 2006.09.02).]
\scratchcounter=\count190
\scratchdimen=\dimen148
\scratchbox=\box50
\nofMPsegments=\count191
\nofMParguments=\count192
\everyMPshowfont=\toks24
\MPscratchCnt=\count193
\MPscratchDim=\dimen149
\MPnumerator=\count194
\makeMPintoPDFobject=\count195
\everyMPtoPDFconversion=\toks25
)
(/mnt/ubuntu/usr/local/texlive/2020/texmf-dist/tex/latex/epstopdf-pkg/epstopdf-
base.sty
Package: epstopdf-base 2020-01-24 v2.11 Base part for package epstopdf

(/mnt/ubuntu/usr/local/texlive/2020/texmf-dist/tex/generic/infwarerr/infwarerr.
sty
Package: infwarerr 2019/12/03 v1.5 Providing info/warning/error messages (HO)
) (/mnt/ubuntu/usr/local/texlive/2020/texmf-dist/tex/latex/grfext/grfext.sty
Package: grfext 2019/12/03 v1.3 Manage graphics extensions (HO)

(/mnt/ubuntu/usr/local/texlive/2020/texmf-dist/tex/generic/kvdefinekeys/kvdefin
ekeys.sty
Package: kvdefinekeys 2019-12-19 v1.6 Define keys (HO)
))
(/mnt/ubuntu/usr/local/texlive/2020/texmf-dist/tex/latex/kvoptions/kvoptions.st
y
Package: kvoptions 2019/11/29 v3.13 Key value format for package options (HO)

(/mnt/ubuntu/usr/local/texlive/2020/texmf-dist/tex/generic/ltxcmds/ltxcmds.sty
Package: ltxcmds 2019/12/15 v1.24 LaTeX kernel commands for general use (HO)
)
(/mnt/ubuntu/usr/local/texlive/2020/texmf-dist/tex/generic/kvsetkeys/kvsetkeys.
sty
Package: kvsetkeys 2019/12/15 v1.18 Key value parser (HO)
))
(/mnt/ubuntu/usr/local/texlive/2020/texmf-dist/tex/generic/pdftexcmds/pdftexcmd
s.sty
Package: pdftexcmds 2020-06-27 v0.33 Utility functions of pdfTeX for LuaTeX (HO
)

(/mnt/ubuntu/usr/local/texlive/2020/texmf-dist/tex/generic/iftex/iftex.sty
Package: iftex 2020/03/06 v1.0d TeX engine tests
)
Package pdftexcmds Info: \pdf@primitive is available.
Package pdftexcmds Info: \pdf@ifprimitive is available.
Package pdftexcmds Info: \pdfdraftmode found.
)
Package epstopdf-base Info: Redefining graphics rule for `.eps' on input line 4
85.
Package grfext Info: Graphics extension search list:
(grfext)             [.pdf,.png,.jpg,.mps,.jpeg,.jbig2,.jb2,.PDF,.PNG,.JPG,.JPE
G,.JBIG2,.JB2,.eps]
(grfext)             \AppendGraphicsExtensions on input line 504.

(/mnt/ubuntu/usr/local/texlive/2020/texmf-dist/tex/latex/latexconfig/epstopdf-s
ys.cfg
File: epstopdf-sys.cfg 2010/07/13 v1.3 Configuration of (r)epstopdf for TeX Liv
e
))
LaTeX Font Info:    Trying to load font information for U+msa on input line 22.


(/mnt/ubuntu/usr/local/texlive/2020/texmf-dist/tex/latex/amsfonts/umsa.fd
File: umsa.fd 2013/01/14 v3.01 AMS symbols A
)
LaTeX Font Info:    Trying to load font information for U+msb on input line 22.


(/mnt/ubuntu/usr/local/texlive/2020/texmf-dist/tex/latex/amsfonts/umsb.fd
File: umsb.fd 2013/01/14 v3.01 AMS symbols B
)
[1

{/mnt/ubuntu/usr/local/texlive/2020/texmf-var/fonts/map/pdftex/updmap/pdftex.ma
p}] [1]
Chapter 1.
[2

]
Overfull \hbox (72.46606pt too wide) detected at line 139
[]
 []

[3] [4] [5]
Overfull \hbox (32.60896pt too wide) detected at line 263
\OMS/cmsy/m/n/10 r[]\OML/cmm/m/it/10 J\OT1/cmr/m/n/10 (\OML/cmm/m/it/10 ^^R\OT1
/cmr/m/n/10 ) = [][] [] \OML/cmm/m/it/10 d^^\[] \OT1/cmr/m/n/10 = [][] [] \OML/
cmm/m/it/10 d^^\ \OT1/cmr/m/n/10 = \OML/cmm/m/it/10 E[]\OT1/cmr/m/n/10 [\OMS/cm
sy/m/n/10 r[] [] \OML/cmm/m/it/10 p[]\OT1/cmr/m/n/10 (\OML/cmm/m/it/10 ^^\\OT1/
cmr/m/n/10 )\OML/cmm/m/it/10 r\OT1/cmr/m/n/10 (\OML/cmm/m/it/10 ^^\\OT1/cmr/m/n
/10 )]
 []

[6] [7]
Overfull \hbox (22.98045pt too wide) detected at line 390
[]
 []

[8] [9]
Overfull \hbox (86.2568pt too wide) detected at line 471
[]
 []

[10] [11] [12] [13] [14] [15] [16] [17] [18]
Overfull \hbox (104.80907pt too wide) detected at line 861
\OMS/cmsy/m/n/10 r[]\OML/cmm/m/it/10 J\OT1/cmr/m/n/10 (\OML/cmm/m/it/10 ^^R\OT1
/cmr/m/n/10 ) \OMS/cmsy/m/n/10 ^^Y [] [] [] r[] [] \OML/cmm/m/it/10 ^^Y[]\OT1/c
mr/m/n/10 (\OML/cmm/b/it/10 a[]\OMS/cmsy/m/n/10 j\OML/cmm/b/it/10 s[]\OT1/cmr/m
/n/10 ) [] + [] [] [] \OMS/cmsy/m/n/10 r[]\OML/cmm/m/it/10 E[] []
 []

[19] [20] [21] (./rl_notes.aux) ) 
Here is how much of TeX's memory you used:
 3232 strings out of 480876
 43703 string characters out of 5907582
 289146 words of memory out of 5000000
 18781 multiletter control sequences out of 15000+600000
 558601 words of font info for 89 fonts, out of 8000000 for 9000
 1141 hyphenation exceptions out of 8191
 40i,22n,37p,224b,232s stack positions out of 5000i,500n,10000p,200000b,80000s
{/mnt/ubuntu/usr/local/texlive/2020/texmf-dist
/fonts/enc/dvips/cm-super/cm-super-t1.enc}{/mnt/ubuntu/usr/local/texlive/2020/t
exmf-dist/fonts/enc/dvips/cm-super/cm-super-ts1.enc}</mnt/ubuntu/usr/local/texl
ive/2020/texmf-dist/fonts/type1/public/amsfonts/cmextra/cmbsy7.pfb></mnt/ubuntu
/usr/local/texlive/2020/texmf-dist/fonts/type1/public/amsfonts/cm/cmex10.pfb></
mnt/ubuntu/usr/local/texlive/2020/texmf-dist/fonts/type1/public/amsfonts/cmextr
a/cmex7.pfb></mnt/ubuntu/usr/local/texlive/2020/texmf-dist/fonts/type1/public/a
msfonts/cm/cmmi10.pfb></mnt/ubuntu/usr/local/texlive/2020/texmf-dist/fonts/type
1/public/amsfonts/cm/cmmi5.pfb></mnt/ubuntu/usr/local/texlive/2020/texmf-dist/f
onts/type1/public/amsfonts/cm/cmmi7.pfb></mnt/ubuntu/usr/local/texlive/2020/tex
mf-dist/fonts/type1/public/amsfonts/cm/cmmib10.pfb></mnt/ubuntu/usr/local/texli
ve/2020/texmf-dist/fonts/type1/public/amsfonts/cmextra/cmmib7.pfb></mnt/ubuntu/
usr/local/texlive/2020/texmf-dist/fonts/type1/public/amsfonts/cm/cmr10.pfb></mn
t/ubuntu/usr/local/texlive/2020/texmf-dist/fonts/type1/public/amsfonts/cm/cmr5.
pfb></mnt/ubuntu/usr/local/texlive/2020/texmf-dist/fonts/type1/public/amsfonts/
cm/cmr7.pfb></mnt/ubuntu/usr/local/texlive/2020/texmf-dist/fonts/type1/public/a
msfonts/cm/cmsy10.pfb></mnt/ubuntu/usr/local/texlive/2020/texmf-dist/fonts/type
1/public/amsfonts/cm/cmsy5.pfb></mnt/ubuntu/usr/local/texlive/2020/texmf-dist/f
onts/type1/public/amsfonts/cm/cmsy7.pfb></mnt/ubuntu/usr/local/texlive/2020/tex
mf-dist/fonts/type1/public/amsfonts/latxfont/line10.pfb></mnt/ubuntu/usr/local/
texlive/2020/texmf-dist/fonts/type1/public/amsfonts/symbols/msbm10.pfb></mnt/ub
untu/usr/local/texlive/2020/texmf-dist/fonts/type1/public/cm-super/sfbx1000.pfb
></mnt/ubuntu/usr/local/texlive/2020/texmf-dist/fonts/type1/public/cm-super/sfb
x1200.pfb></mnt/ubuntu/usr/local/texlive/2020/texmf-dist/fonts/type1/public/cm-
super/sfbx1440.pfb></mnt/ubuntu/usr/local/texlive/2020/texmf-dist/fonts/type1/p
ublic/cm-super/sfbx2074.pfb></mnt/ubuntu/usr/local/texlive/2020/texmf-dist/font
s/type1/public/cm-super/sfbx2488.pfb></mnt/ubuntu/usr/local/texlive/2020/texmf-
dist/fonts/type1/public/cm-super/sfrm0700.pfb></mnt/ubuntu/usr/local/texlive/20
20/texmf-dist/fonts/type1/public/cm-super/sfrm1000.pfb></mnt/ubuntu/usr/local/t
exlive/2020/texmf-dist/fonts/type1/public/cm-super/sfrm1200.pfb></mnt/ubuntu/us
r/local/texlive/2020/texmf-dist/fonts/type1/public/cm-super/sfrm1728.pfb></mnt/
ubuntu/usr/local/texlive/2020/texmf-dist/fonts/type1/public/cm-super/sfti1000.p
fb>
Output written on rl_notes.pdf (22 pages, 363470 bytes).
PDF statistics:
 184 PDF objects out of 1000 (max. 8388607)
 132 compressed objects within 2 object streams
 0 named destinations out of 1000 (max. 500000)
 1 words of extra memory for PDF output out of 10000 (max. 10000000)

